<?xml version="1.0" encoding="UTF-8"?>
<testsuite xmlns:xsi="http://www.w3.org/2001/XMLSchema-instance" xsi:noNamespaceSchemaLocation="https://maven.apache.org/surefire/maven-surefire-plugin/xsd/surefire-test-report-3.0.xsd" version="3.0" name="TestSuite" time="644.754" tests="28" errors="0" skipped="0" failures="1">
  <properties>
    <property name="java.specification.version" value="17"/>
    <property name="sun.cpu.isalist" value="amd64"/>
    <property name="sun.jnu.encoding" value="Cp1252"/>
    <property name="java.class.path" value="C:\Users\Yash\eclipse-workspace\NewChull\target\test-classes;C:\Users\Yash\eclipse-workspace\NewChull\target\classes;C:\WINDOWS\system32\config\systemprofile\.m2\repository\org\testng\testng\7.11.0\testng-7.11.0.jar;C:\WINDOWS\system32\config\systemprofile\.m2\repository\org\slf4j\slf4j-api\2.0.16\slf4j-api-2.0.16.jar;C:\WINDOWS\system32\config\systemprofile\.m2\repository\org\jcommander\jcommander\1.83\jcommander-1.83.jar;C:\WINDOWS\system32\config\systemprofile\.m2\repository\org\webjars\jquery\3.7.1\jquery-3.7.1.jar;C:\WINDOWS\system32\config\systemprofile\.m2\repository\org\seleniumhq\selenium\selenium-java\4.33.0\selenium-java-4.33.0.jar;C:\WINDOWS\system32\config\systemprofile\.m2\repository\org\seleniumhq\selenium\selenium-api\4.33.0\selenium-api-4.33.0.jar;C:\WINDOWS\system32\config\systemprofile\.m2\repository\org\jspecify\jspecify\1.0.0\jspecify-1.0.0.jar;C:\WINDOWS\system32\config\systemprofile\.m2\repository\org\seleniumhq\selenium\selenium-chrome-driver\4.33.0\selenium-chrome-driver-4.33.0.jar;C:\WINDOWS\system32\config\systemprofile\.m2\repository\com\google\auto\service\auto-service-annotations\1.1.1\auto-service-annotations-1.1.1.jar;C:\WINDOWS\system32\config\systemprofile\.m2\repository\org\seleniumhq\selenium\selenium-chromium-driver\4.33.0\selenium-chromium-driver-4.33.0.jar;C:\WINDOWS\system32\config\systemprofile\.m2\repository\org\seleniumhq\selenium\selenium-json\4.33.0\selenium-json-4.33.0.jar;C:\WINDOWS\system32\config\systemprofile\.m2\repository\org\seleniumhq\selenium\selenium-manager\4.33.0\selenium-manager-4.33.0.jar;C:\WINDOWS\system32\config\systemprofile\.m2\repository\org\seleniumhq\selenium\selenium-devtools-v135\4.33.0\selenium-devtools-v135-4.33.0.jar;C:\WINDOWS\system32\config\systemprofile\.m2\repository\org\seleniumhq\selenium\selenium-devtools-v136\4.33.0\selenium-devtools-v136-4.33.0.jar;C:\WINDOWS\system32\config\systemprofile\.m2\repository\org\seleniumhq\selenium\selenium-devtools-v137\4.33.0\selenium-devtools-v137-4.33.0.jar;C:\WINDOWS\system32\config\systemprofile\.m2\repository\org\seleniumhq\selenium\selenium-edge-driver\4.33.0\selenium-edge-driver-4.33.0.jar;C:\WINDOWS\system32\config\systemprofile\.m2\repository\org\seleniumhq\selenium\selenium-firefox-driver\4.33.0\selenium-firefox-driver-4.33.0.jar;C:\WINDOWS\system32\config\systemprofile\.m2\repository\org\seleniumhq\selenium\selenium-http\4.33.0\selenium-http-4.33.0.jar;C:\WINDOWS\system32\config\systemprofile\.m2\repository\org\seleniumhq\selenium\selenium-ie-driver\4.33.0\selenium-ie-driver-4.33.0.jar;C:\WINDOWS\system32\config\systemprofile\.m2\repository\org\seleniumhq\selenium\selenium-remote-driver\4.33.0\selenium-remote-driver-4.33.0.jar;C:\WINDOWS\system32\config\systemprofile\.m2\repository\com\google\guava\guava\33.4.8-jre\guava-33.4.8-jre.jar;C:\WINDOWS\system32\config\systemprofile\.m2\repository\com\google\guava\failureaccess\1.0.3\failureaccess-1.0.3.jar;C:\WINDOWS\system32\config\systemprofile\.m2\repository\com\google\guava\listenablefuture\9999.0-empty-to-avoid-conflict-with-guava\listenablefuture-9999.0-empty-to-avoid-conflict-with-guava.jar;C:\WINDOWS\system32\config\systemprofile\.m2\repository\com\google\errorprone\error_prone_annotations\2.36.0\error_prone_annotations-2.36.0.jar;C:\WINDOWS\system32\config\systemprofile\.m2\repository\com\google\j2objc\j2objc-annotations\3.0.0\j2objc-annotations-3.0.0.jar;C:\WINDOWS\system32\config\systemprofile\.m2\repository\io\opentelemetry\opentelemetry-api\1.50.0\opentelemetry-api-1.50.0.jar;C:\WINDOWS\system32\config\systemprofile\.m2\repository\io\opentelemetry\opentelemetry-context\1.50.0\opentelemetry-context-1.50.0.jar;C:\WINDOWS\system32\config\systemprofile\.m2\repository\io\opentelemetry\opentelemetry-exporter-logging\1.50.0\opentelemetry-exporter-logging-1.50.0.jar;C:\WINDOWS\system32\config\systemprofile\.m2\repository\io\opentelemetry\opentelemetry-sdk-common\1.50.0\opentelemetry-sdk-common-1.50.0.jar;C:\WINDOWS\system32\config\systemprofile\.m2\repository\io\opentelemetry\opentelemetry-sdk-extension-autoconfigure-spi\1.50.0\opentelemetry-sdk-extension-autoconfigure-spi-1.50.0.jar;C:\WINDOWS\system32\config\systemprofile\.m2\repository\io\opentelemetry\opentelemetry-sdk-extension-autoconfigure\1.50.0\opentelemetry-sdk-extension-autoconfigure-1.50.0.jar;C:\WINDOWS\system32\config\systemprofile\.m2\repository\io\opentelemetry\opentelemetry-sdk-trace\1.50.0\opentelemetry-sdk-trace-1.50.0.jar;C:\WINDOWS\system32\config\systemprofile\.m2\repository\io\opentelemetry\opentelemetry-sdk\1.50.0\opentelemetry-sdk-1.50.0.jar;C:\WINDOWS\system32\config\systemprofile\.m2\repository\io\opentelemetry\opentelemetry-sdk-metrics\1.50.0\opentelemetry-sdk-metrics-1.50.0.jar;C:\WINDOWS\system32\config\systemprofile\.m2\repository\io\opentelemetry\opentelemetry-sdk-logs\1.50.0\opentelemetry-sdk-logs-1.50.0.jar;C:\WINDOWS\system32\config\systemprofile\.m2\repository\net\bytebuddy\byte-buddy\1.17.5\byte-buddy-1.17.5.jar;C:\WINDOWS\system32\config\systemprofile\.m2\repository\org\seleniumhq\selenium\selenium-os\4.33.0\selenium-os-4.33.0.jar;C:\WINDOWS\system32\config\systemprofile\.m2\repository\org\apache\commons\commons-exec\1.4.0\commons-exec-1.4.0.jar;C:\WINDOWS\system32\config\systemprofile\.m2\repository\org\seleniumhq\selenium\selenium-safari-driver\4.33.0\selenium-safari-driver-4.33.0.jar;C:\WINDOWS\system32\config\systemprofile\.m2\repository\org\seleniumhq\selenium\selenium-support\4.33.0\selenium-support-4.33.0.jar;C:\WINDOWS\system32\config\systemprofile\.m2\repository\commons-io\commons-io\2.11.0\commons-io-2.11.0.jar;C:\WINDOWS\system32\config\systemprofile\.m2\repository\io\github\bonigarcia\webdrivermanager\5.6.2\webdrivermanager-5.6.2.jar;C:\WINDOWS\system32\config\systemprofile\.m2\repository\com\google\code\gson\gson\2.10.1\gson-2.10.1.jar;C:\WINDOWS\system32\config\systemprofile\.m2\repository\com\github\docker-java\docker-java\3.3.4\docker-java-3.3.4.jar;C:\WINDOWS\system32\config\systemprofile\.m2\repository\com\github\docker-java\docker-java-core\3.3.4\docker-java-core-3.3.4.jar;C:\WINDOWS\system32\config\systemprofile\.m2\repository\com\github\docker-java\docker-java-api\3.3.4\docker-java-api-3.3.4.jar;C:\WINDOWS\system32\config\systemprofile\.m2\repository\com\fasterxml\jackson\core\jackson-annotations\2.10.3\jackson-annotations-2.10.3.jar;C:\WINDOWS\system32\config\systemprofile\.m2\repository\com\fasterxml\jackson\core\jackson-databind\2.10.3\jackson-databind-2.10.3.jar;C:\WINDOWS\system32\config\systemprofile\.m2\repository\com\fasterxml\jackson\core\jackson-core\2.10.3\jackson-core-2.10.3.jar;C:\WINDOWS\system32\config\systemprofile\.m2\repository\org\bouncycastle\bcpkix-jdk18on\1.76\bcpkix-jdk18on-1.76.jar;C:\WINDOWS\system32\config\systemprofile\.m2\repository\org\bouncycastle\bcprov-jdk18on\1.76\bcprov-jdk18on-1.76.jar;C:\WINDOWS\system32\config\systemprofile\.m2\repository\org\bouncycastle\bcutil-jdk18on\1.76\bcutil-jdk18on-1.76.jar;C:\WINDOWS\system32\config\systemprofile\.m2\repository\org\slf4j\jcl-over-slf4j\1.7.30\jcl-over-slf4j-1.7.30.jar;C:\WINDOWS\system32\config\systemprofile\.m2\repository\com\github\docker-java\docker-java-transport-httpclient5\3.3.4\docker-java-transport-httpclient5-3.3.4.jar;C:\WINDOWS\system32\config\systemprofile\.m2\repository\com\github\docker-java\docker-java-transport\3.3.4\docker-java-transport-3.3.4.jar;C:\WINDOWS\system32\config\systemprofile\.m2\repository\net\java\dev\jna\jna\5.13.0\jna-5.13.0.jar;C:\WINDOWS\system32\config\systemprofile\.m2\repository\org\brotli\dec\0.1.2\dec-0.1.2.jar;C:\WINDOWS\system32\config\systemprofile\.m2\repository\org\apache\commons\commons-lang3\3.13.0\commons-lang3-3.13.0.jar;C:\WINDOWS\system32\config\systemprofile\.m2\repository\org\apache\commons\commons-compress\1.24.0\commons-compress-1.24.0.jar;C:\WINDOWS\system32\config\systemprofile\.m2\repository\org\apache\httpcomponents\client5\httpclient5\5.2.1\httpclient5-5.2.1.jar;C:\WINDOWS\system32\config\systemprofile\.m2\repository\org\apache\httpcomponents\core5\httpcore5\5.2\httpcore5-5.2.jar;C:\WINDOWS\system32\config\systemprofile\.m2\repository\org\apache\httpcomponents\core5\httpcore5-h2\5.2\httpcore5-h2-5.2.jar;"/>
    <property name="java.vm.vendor" value="Oracle Corporation"/>
    <property name="sun.arch.data.model" value="64"/>
    <property name="user.variant" value=""/>
    <property name="java.vendor.url" value="https://java.oracle.com/"/>
    <property name="user.timezone" value="Asia/Calcutta"/>
    <property name="os.name" value="Windows 11"/>
    <property name="java.vm.specification.version" value="17"/>
    <property name="sun.java.launcher" value="SUN_STANDARD"/>
    <property name="user.country" value="US"/>
    <property name="sun.boot.library.path" value="C:\Program Files\Java\jdk-17\bin"/>
    <property name="sun.java.command" value="C:\Windows\Temp\surefire2014430398211653675\surefirebooter-20250711101956748_3.jar C:\Windows\Temp\surefire2014430398211653675 2025-07-11T10-19-56_314-jvmRun1 surefire-20250711101956748_1tmp surefire_0-20250711101956748_2tmp"/>
    <property name="jdk.debug" value="release"/>
    <property name="surefire.test.class.path" value="C:\Users\Yash\eclipse-workspace\NewChull\target\test-classes;C:\Users\Yash\eclipse-workspace\NewChull\target\classes;C:\WINDOWS\system32\config\systemprofile\.m2\repository\org\testng\testng\7.11.0\testng-7.11.0.jar;C:\WINDOWS\system32\config\systemprofile\.m2\repository\org\slf4j\slf4j-api\2.0.16\slf4j-api-2.0.16.jar;C:\WINDOWS\system32\config\systemprofile\.m2\repository\org\jcommander\jcommander\1.83\jcommander-1.83.jar;C:\WINDOWS\system32\config\systemprofile\.m2\repository\org\webjars\jquery\3.7.1\jquery-3.7.1.jar;C:\WINDOWS\system32\config\systemprofile\.m2\repository\org\seleniumhq\selenium\selenium-java\4.33.0\selenium-java-4.33.0.jar;C:\WINDOWS\system32\config\systemprofile\.m2\repository\org\seleniumhq\selenium\selenium-api\4.33.0\selenium-api-4.33.0.jar;C:\WINDOWS\system32\config\systemprofile\.m2\repository\org\jspecify\jspecify\1.0.0\jspecify-1.0.0.jar;C:\WINDOWS\system32\config\systemprofile\.m2\repository\org\seleniumhq\selenium\selenium-chrome-driver\4.33.0\selenium-chrome-driver-4.33.0.jar;C:\WINDOWS\system32\config\systemprofile\.m2\repository\com\google\auto\service\auto-service-annotations\1.1.1\auto-service-annotations-1.1.1.jar;C:\WINDOWS\system32\config\systemprofile\.m2\repository\org\seleniumhq\selenium\selenium-chromium-driver\4.33.0\selenium-chromium-driver-4.33.0.jar;C:\WINDOWS\system32\config\systemprofile\.m2\repository\org\seleniumhq\selenium\selenium-json\4.33.0\selenium-json-4.33.0.jar;C:\WINDOWS\system32\config\systemprofile\.m2\repository\org\seleniumhq\selenium\selenium-manager\4.33.0\selenium-manager-4.33.0.jar;C:\WINDOWS\system32\config\systemprofile\.m2\repository\org\seleniumhq\selenium\selenium-devtools-v135\4.33.0\selenium-devtools-v135-4.33.0.jar;C:\WINDOWS\system32\config\systemprofile\.m2\repository\org\seleniumhq\selenium\selenium-devtools-v136\4.33.0\selenium-devtools-v136-4.33.0.jar;C:\WINDOWS\system32\config\systemprofile\.m2\repository\org\seleniumhq\selenium\selenium-devtools-v137\4.33.0\selenium-devtools-v137-4.33.0.jar;C:\WINDOWS\system32\config\systemprofile\.m2\repository\org\seleniumhq\selenium\selenium-edge-driver\4.33.0\selenium-edge-driver-4.33.0.jar;C:\WINDOWS\system32\config\systemprofile\.m2\repository\org\seleniumhq\selenium\selenium-firefox-driver\4.33.0\selenium-firefox-driver-4.33.0.jar;C:\WINDOWS\system32\config\systemprofile\.m2\repository\org\seleniumhq\selenium\selenium-http\4.33.0\selenium-http-4.33.0.jar;C:\WINDOWS\system32\config\systemprofile\.m2\repository\org\seleniumhq\selenium\selenium-ie-driver\4.33.0\selenium-ie-driver-4.33.0.jar;C:\WINDOWS\system32\config\systemprofile\.m2\repository\org\seleniumhq\selenium\selenium-remote-driver\4.33.0\selenium-remote-driver-4.33.0.jar;C:\WINDOWS\system32\config\systemprofile\.m2\repository\com\google\guava\guava\33.4.8-jre\guava-33.4.8-jre.jar;C:\WINDOWS\system32\config\systemprofile\.m2\repository\com\google\guava\failureaccess\1.0.3\failureaccess-1.0.3.jar;C:\WINDOWS\system32\config\systemprofile\.m2\repository\com\google\guava\listenablefuture\9999.0-empty-to-avoid-conflict-with-guava\listenablefuture-9999.0-empty-to-avoid-conflict-with-guava.jar;C:\WINDOWS\system32\config\systemprofile\.m2\repository\com\google\errorprone\error_prone_annotations\2.36.0\error_prone_annotations-2.36.0.jar;C:\WINDOWS\system32\config\systemprofile\.m2\repository\com\google\j2objc\j2objc-annotations\3.0.0\j2objc-annotations-3.0.0.jar;C:\WINDOWS\system32\config\systemprofile\.m2\repository\io\opentelemetry\opentelemetry-api\1.50.0\opentelemetry-api-1.50.0.jar;C:\WINDOWS\system32\config\systemprofile\.m2\repository\io\opentelemetry\opentelemetry-context\1.50.0\opentelemetry-context-1.50.0.jar;C:\WINDOWS\system32\config\systemprofile\.m2\repository\io\opentelemetry\opentelemetry-exporter-logging\1.50.0\opentelemetry-exporter-logging-1.50.0.jar;C:\WINDOWS\system32\config\systemprofile\.m2\repository\io\opentelemetry\opentelemetry-sdk-common\1.50.0\opentelemetry-sdk-common-1.50.0.jar;C:\WINDOWS\system32\config\systemprofile\.m2\repository\io\opentelemetry\opentelemetry-sdk-extension-autoconfigure-spi\1.50.0\opentelemetry-sdk-extension-autoconfigure-spi-1.50.0.jar;C:\WINDOWS\system32\config\systemprofile\.m2\repository\io\opentelemetry\opentelemetry-sdk-extension-autoconfigure\1.50.0\opentelemetry-sdk-extension-autoconfigure-1.50.0.jar;C:\WINDOWS\system32\config\systemprofile\.m2\repository\io\opentelemetry\opentelemetry-sdk-trace\1.50.0\opentelemetry-sdk-trace-1.50.0.jar;C:\WINDOWS\system32\config\systemprofile\.m2\repository\io\opentelemetry\opentelemetry-sdk\1.50.0\opentelemetry-sdk-1.50.0.jar;C:\WINDOWS\system32\config\systemprofile\.m2\repository\io\opentelemetry\opentelemetry-sdk-metrics\1.50.0\opentelemetry-sdk-metrics-1.50.0.jar;C:\WINDOWS\system32\config\systemprofile\.m2\repository\io\opentelemetry\opentelemetry-sdk-logs\1.50.0\opentelemetry-sdk-logs-1.50.0.jar;C:\WINDOWS\system32\config\systemprofile\.m2\repository\net\bytebuddy\byte-buddy\1.17.5\byte-buddy-1.17.5.jar;C:\WINDOWS\system32\config\systemprofile\.m2\repository\org\seleniumhq\selenium\selenium-os\4.33.0\selenium-os-4.33.0.jar;C:\WINDOWS\system32\config\systemprofile\.m2\repository\org\apache\commons\commons-exec\1.4.0\commons-exec-1.4.0.jar;C:\WINDOWS\system32\config\systemprofile\.m2\repository\org\seleniumhq\selenium\selenium-safari-driver\4.33.0\selenium-safari-driver-4.33.0.jar;C:\WINDOWS\system32\config\systemprofile\.m2\repository\org\seleniumhq\selenium\selenium-support\4.33.0\selenium-support-4.33.0.jar;C:\WINDOWS\system32\config\systemprofile\.m2\repository\commons-io\commons-io\2.11.0\commons-io-2.11.0.jar;C:\WINDOWS\system32\config\systemprofile\.m2\repository\io\github\bonigarcia\webdrivermanager\5.6.2\webdrivermanager-5.6.2.jar;C:\WINDOWS\system32\config\systemprofile\.m2\repository\com\google\code\gson\gson\2.10.1\gson-2.10.1.jar;C:\WINDOWS\system32\config\systemprofile\.m2\repository\com\github\docker-java\docker-java\3.3.4\docker-java-3.3.4.jar;C:\WINDOWS\system32\config\systemprofile\.m2\repository\com\github\docker-java\docker-java-core\3.3.4\docker-java-core-3.3.4.jar;C:\WINDOWS\system32\config\systemprofile\.m2\repository\com\github\docker-java\docker-java-api\3.3.4\docker-java-api-3.3.4.jar;C:\WINDOWS\system32\config\systemprofile\.m2\repository\com\fasterxml\jackson\core\jackson-annotations\2.10.3\jackson-annotations-2.10.3.jar;C:\WINDOWS\system32\config\systemprofile\.m2\repository\com\fasterxml\jackson\core\jackson-databind\2.10.3\jackson-databind-2.10.3.jar;C:\WINDOWS\system32\config\systemprofile\.m2\repository\com\fasterxml\jackson\core\jackson-core\2.10.3\jackson-core-2.10.3.jar;C:\WINDOWS\system32\config\systemprofile\.m2\repository\org\bouncycastle\bcpkix-jdk18on\1.76\bcpkix-jdk18on-1.76.jar;C:\WINDOWS\system32\config\systemprofile\.m2\repository\org\bouncycastle\bcprov-jdk18on\1.76\bcprov-jdk18on-1.76.jar;C:\WINDOWS\system32\config\systemprofile\.m2\repository\org\bouncycastle\bcutil-jdk18on\1.76\bcutil-jdk18on-1.76.jar;C:\WINDOWS\system32\config\systemprofile\.m2\repository\org\slf4j\jcl-over-slf4j\1.7.30\jcl-over-slf4j-1.7.30.jar;C:\WINDOWS\system32\config\systemprofile\.m2\repository\com\github\docker-java\docker-java-transport-httpclient5\3.3.4\docker-java-transport-httpclient5-3.3.4.jar;C:\WINDOWS\system32\config\systemprofile\.m2\repository\com\github\docker-java\docker-java-transport\3.3.4\docker-java-transport-3.3.4.jar;C:\WINDOWS\system32\config\systemprofile\.m2\repository\net\java\dev\jna\jna\5.13.0\jna-5.13.0.jar;C:\WINDOWS\system32\config\systemprofile\.m2\repository\org\brotli\dec\0.1.2\dec-0.1.2.jar;C:\WINDOWS\system32\config\systemprofile\.m2\repository\org\apache\commons\commons-lang3\3.13.0\commons-lang3-3.13.0.jar;C:\WINDOWS\system32\config\systemprofile\.m2\repository\org\apache\commons\commons-compress\1.24.0\commons-compress-1.24.0.jar;C:\WINDOWS\system32\config\systemprofile\.m2\repository\org\apache\httpcomponents\client5\httpclient5\5.2.1\httpclient5-5.2.1.jar;C:\WINDOWS\system32\config\systemprofile\.m2\repository\org\apache\httpcomponents\core5\httpcore5\5.2\httpcore5-5.2.jar;C:\WINDOWS\system32\config\systemprofile\.m2\repository\org\apache\httpcomponents\core5\httpcore5-h2\5.2\httpcore5-h2-5.2.jar;"/>
    <property name="sun.cpu.endian" value="little"/>
    <property name="user.home" value="C:\WINDOWS\system32\config\systemprofile"/>
    <property name="user.language" value="en"/>
    <property name="java.specification.vendor" value="Oracle Corporation"/>
    <property name="java.version.date" value="2024-07-16"/>
    <property name="java.home" value="C:\Program Files\Java\jdk-17"/>
    <property name="file.separator" value="\"/>
    <property name="basedir" value="C:\Users\Yash\eclipse-workspace\NewChull"/>
    <property name="java.vm.compressedOopsMode" value="32-bit"/>
    <property name="line.separator" value="&#10;"/>
    <property name="java.vm.specification.vendor" value="Oracle Corporation"/>
    <property name="java.specification.name" value="Java Platform API Specification"/>
    <property name="surefire.real.class.path" value="C:\Windows\Temp\surefire2014430398211653675\surefirebooter-20250711101956748_3.jar"/>
    <property name="user.script" value=""/>
    <property name="sun.management.compiler" value="HotSpot 64-Bit Tiered Compilers"/>
    <property name="java.runtime.version" value="17.0.12+8-LTS-286"/>
    <property name="user.name" value="UNVII$"/>
    <property name="path.separator" value=";"/>
    <property name="os.version" value="10.0"/>
    <property name="java.runtime.name" value="Java(TM) SE Runtime Environment"/>
    <property name="file.encoding" value="Cp1252"/>
    <property name="java.vm.name" value="Java HotSpot(TM) 64-Bit Server VM"/>
    <property name="localRepository" value="C:\WINDOWS\system32\config\systemprofile\.m2\repository"/>
    <property name="java.vendor.url.bug" value="https://bugreport.java.com/bugreport/"/>
    <property name="java.io.tmpdir" value="C:\WINDOWS\TEMP\"/>
    <property name="java.version" value="17.0.12"/>
    <property name="user.dir" value="C:\Users\Yash\eclipse-workspace\NewChull"/>
    <property name="os.arch" value="amd64"/>
    <property name="java.vm.specification.name" value="Java Virtual Machine Specification"/>
    <property name="sun.os.patch.level" value=""/>
    <property name="native.encoding" value="Cp1252"/>
    <property name="java.library.path" value="C:\Program Files\Java\jdk-17\bin;C:\WINDOWS\Sun\Java\bin;C:\WINDOWS\system32;C:\WINDOWS;C:\Program Files\apache-maven-3.9.9/bin;C:\Program Files\Java\jdk-17/bin;C:\Program Files\Java\jdk-17/bin;C:\app\Administrator\product\21c\dbhomeXE\bin;C:\Program Files\Common Files\Oracle\Java\javapath;C:\Program Files;C:\Program Files\Java\jdk-23\bin;C:\Users\Yash\apache-maven-3.9.9\bin;C:\WINDOWS\system32\config\systemprofile\AppData\Local\Microsoft\WindowsApps;."/>
    <property name="java.vm.info" value="mixed mode, sharing"/>
    <property name="java.vendor" value="Oracle Corporation"/>
    <property name="java.vm.version" value="17.0.12+8-LTS-286"/>
    <property name="sun.io.unicode.encoding" value="UnicodeLittle"/>
    <property name="java.class.version" value="61.0"/>
  </properties>
  <testcase name="loginWithMailTest" classname="Chull.TestCase" time="4.114">
    <system-err><![CDATA[SLF4J(W): No SLF4J providers were found.
SLF4J(W): Defaulting to no-operation (NOP) logger implementation
SLF4J(W): See https://www.slf4j.org/codes.html#noProviders for further details.
Jul 11, 2025 10:20:05 AM org.openqa.selenium.devtools.CdpVersionFinder findNearestMatch
WARNING: Unable to find an exact match for CDP version 138, returning the closest version; found: 137; Please update to a Selenium version that supports CDP version 138
]]></system-err>
  </testcase>
  <testcase name="loginWithPhoneNumber" classname="Chull.TestCase" time="9.756">
    <system-err><![CDATA[Jul 11, 2025 10:20:14 AM org.openqa.selenium.devtools.CdpVersionFinder findNearestMatch
WARNING: Unable to find an exact match for CDP version 138, returning the closest version; found: 137; Please update to a Selenium version that supports CDP version 138
]]></system-err>
  </testcase>
  <testcase name="verifyCurrentUrlTest" classname="Chull.TestCase" time="0.062">
    <system-out><![CDATA[True 
]]></system-out>
    <system-err><![CDATA[Jul 11, 2025 10:20:30 AM org.openqa.selenium.devtools.CdpVersionFinder findNearestMatch
WARNING: Unable to find an exact match for CDP version 138, returning the closest version; found: 137; Please update to a Selenium version that supports CDP version 138
]]></system-err>
  </testcase>
  <testcase name="updateProfileTest" classname="Chull.TestCase" time="14.682">
    <system-err><![CDATA[Jul 11, 2025 10:20:35 AM org.openqa.selenium.devtools.CdpVersionFinder findNearestMatch
WARNING: Unable to find an exact match for CDP version 138, returning the closest version; found: 137; Please update to a Selenium version that supports CDP version 138
]]></system-err>
  </testcase>
  <testcase name="searchVideoTest" classname="Chull.TestCase" time="20.506">
    <system-out><![CDATA[Video is visible
]]></system-out>
    <system-err><![CDATA[Jul 11, 2025 10:21:25 AM org.openqa.selenium.devtools.CdpVersionFinder findNearestMatch
WARNING: Unable to find an exact match for CDP version 138, returning the closest version; found: 137; Please update to a Selenium version that supports CDP version 138
]]></system-err>
  </testcase>
  <testcase name="wrongOtpLoginTest" classname="Chull.TestCase" time="7.609">
    <system-out><![CDATA[Verify OTP
]]></system-out>
    <system-err><![CDATA[Jul 11, 2025 10:21:50 AM org.openqa.selenium.devtools.CdpVersionFinder findNearestMatch
WARNING: Unable to find an exact match for CDP version 138, returning the closest version; found: 137; Please update to a Selenium version that supports CDP version 138
]]></system-err>
  </testcase>
  <testcase name="playVideoTest" classname="Chull.TestCase" time="13.0">
    <system-out><![CDATA[Popup closed.
Total iframes found: 7
Iframe src: https://td.doubleclick.net/td/rul/17013215611?random=1752209524177&cv=11&fst=1752209524177&fmt=3&bg=ffffff&guid=ON&async=1&en=gtag.config&gtm=45be5791h1z89221036923za200zb9221036923&gcd=13l3l3l3l1l1&dma=0&tag_exp=101509157~103116026~103200004~103233427~103351869~103351871~104684208~104684211~104908318~104908320~104909302~104909304~104935091~104935093&u_w=1024&u_h=768&url=https%3A%2F%2Fchull.tv%2F&hn=www.googleadservices.com&frm=0&npa=0&pscdl=noapi&auid=1499564194.1752209524&uaa=x86&uab=64&uafvl=Not)A%253BBrand%3B8.0.0.0%7CChromium%3B138.0.7204.97%7CGoogle%2520Chrome%3B138.0.7204.97&uamb=0&uam=&uap=Windows&uapv=19.0.0&uaw=0&fledge=1&data=event%3Dgtag.config
Iframe src: https://td.doubleclick.net/td/rul/17013215611?random=1752209524265&cv=11&fst=1752209524265&fmt=3&bg=ffffff&guid=ON&async=1&gtm=45be5791h1z89221036923za200zb9221036923&gcd=13l3l3l3l1l1&dma=0&tag_exp=101509157~103116026~103200004~103233427~103351869~103351871~104684208~104684211~104908318~104908320~104909302~104909304~104935091~104935093&u_w=1024&u_h=768&url=https%3A%2F%2Fchull.tv%2F&hn=www.googleadservices.com&frm=0&npa=0&pscdl=noapi&auid=1499564194.1752209524&uaa=x86&uab=64&uafvl=Not)A%253BBrand%3B8.0.0.0%7CChromium%3B138.0.7204.97%7CGoogle%2520Chrome%3B138.0.7204.97&uamb=0&uam=&uap=Windows&uapv=19.0.0&uaw=0&fledge=1&_tu=Cg
Iframe src: 
Iframe src: https://td.doubleclick.net/td/rul/17013215611?random=1752209526816&cv=11&fst=1752209526816&fmt=3&bg=ffffff&guid=ON&async=1&en=form_start&gtm=45be5791h1za200zb9221036923&gcd=13l3l3l3l1l1&dma=0&tag_exp=101509157~103116026~103200004~103233427~103351869~103351871~104684208~104684211~104908318~104908320~104909302~104909304~104935091~104935093&u_w=1024&u_h=768&url=https%3A%2F%2Fchull.tv%2Flogin&hn=www.googleadservices.com&frm=0&tiba=Chull%20Tv%20-%20OTT%20Platform%20for%20Web%20Series%20Movies%20Entertainment%20Show&npa=0&pscdl=noapi&auid=1499564194.1752209524&uaa=x86&uab=64&uafvl=Not)A%253BBrand%3B8.0.0.0%7CChromium%3B138.0.7204.97%7CGoogle%2520Chrome%3B138.0.7204.97&uamb=0&uam=&uap=Windows&uapv=19.0.0&uaw=0&fledge=1&data=event%3Dform_start
Iframe src: https://td.doubleclick.net/td/rul/17013215611?random=1752209526839&cv=11&fst=1752209526839&fmt=3&bg=ffffff&guid=ON&async=1&en=form_submit&gtm=45be5791h1za200zb9221036923&gcd=13l3l3l3l1l1&dma=0&tag_exp=101509157~103116026~103200004~103233427~103351869~103351871~104684208~104684211~104908318~104908320~104909302~104909304~104935091~104935093&u_w=1024&u_h=768&url=https%3A%2F%2Fchull.tv%2Flogin&hn=www.googleadservices.com&frm=0&tiba=Chull%20Tv%20-%20OTT%20Platform%20for%20Web%20Series%20Movies%20Entertainment%20Show&npa=0&pscdl=noapi&auid=1499564194.1752209524&uaa=x86&uab=64&uafvl=Not)A%253BBrand%3B8.0.0.0%7CChromium%3B138.0.7204.97%7CGoogle%2520Chrome%3B138.0.7204.97&uamb=0&uam=&uap=Windows&uapv=19.0.0&uaw=0&fledge=1&data=event%3Dform_submit
Iframe src: https://td.doubleclick.net/td/rul/17013215611?random=1752209527404&cv=11&fst=1752209527404&fmt=3&bg=ffffff&guid=ON&async=1&en=form_submit&gtm=45be5791h1za200zb9221036923&gcd=13l3l3l3l1l1&dma=0&tag_exp=101509157~103116026~103200004~103233427~103351869~103351871~104684208~104684211~104908318~104908320~104909302~104909304~104935091~104935093&u_w=1024&u_h=768&url=https%3A%2F%2Fchull.tv%2Flogin&hn=www.googleadservices.com&frm=0&tiba=Chull%20Tv%20-%20OTT%20Platform%20for%20Web%20Series%20Movies%20Entertainment%20Show&npa=0&pscdl=noapi&auid=1499564194.1752209524&uaa=x86&uab=64&uafvl=Not)A%253BBrand%3B8.0.0.0%7CChromium%3B138.0.7204.97%7CGoogle%2520Chrome%3B138.0.7204.97&uamb=0&uam=&uap=Windows&uapv=19.0.0&uaw=0&fledge=1&data=event%3Dform_submit
Iframe src: https://api.razorpay.com/v1/checkout/public?traffic_env=production&build=3821826c7fae62ba61e08f647e09d63611efe11d&build_v1=9178825fcaa29bff305ce60d80aa466c65beadfe&checkout_v2=1&new_session=1
Player iframe not found.
]]></system-out>
    <system-err><![CDATA[Jul 11, 2025 10:22:02 AM org.openqa.selenium.devtools.CdpVersionFinder findNearestMatch
WARNING: Unable to find an exact match for CDP version 138, returning the closest version; found: 137; Please update to a Selenium version that supports CDP version 138
]]></system-err>
  </testcase>
  <testcase name="footerTermsAndConditionsTest" classname="Chull.TestCase" time="6.964">
    <system-out><![CDATA[Total iframes: 7
iframe ID: support
iframe SRC: https://chull.ottsnap.in/pages/3
iframe ID: 
iframe SRC: https://td.doubleclick.net/td/rul/17013215611?random=1752209542121&cv=11&fst=1752209542121&fmt=3&bg=ffffff&guid=ON&async=1&en=gtag.config&gtm=45be57a0h2z89221036923za200zb9221036923&gcd=13l3l3l3l1l1&dma=0&tag_exp=101509157~103116026~103200004~103233427~103351869~103351871~104684208~104684211~104909302~104909304~104935091~104935093&u_w=1024&u_h=768&url=https%3A%2F%2Fchull.tv%2F&hn=www.googleadservices.com&frm=0&npa=0&pscdl=noapi&auid=2040339673.1752209542&uaa=x86&uab=64&uafvl=Not)A%253BBrand%3B8.0.0.0%7CChromium%3B138.0.7204.97%7CGoogle%2520Chrome%3B138.0.7204.97&uamb=0&uam=&uap=Windows&uapv=19.0.0&uaw=0&fledge=1&data=event%3Dgtag.config
iframe ID: 
iframe SRC: https://td.doubleclick.net/td/rul/17013215611?random=1752209542195&cv=11&fst=1752209542195&fmt=3&bg=ffffff&guid=ON&async=1&gtm=45be57a0h2z89221036923za200zb9221036923&gcd=13l3l3l3l1l1&dma=0&tag_exp=101509157~103116026~103200004~103233427~103351869~103351871~104684208~104684211~104909302~104909304~104935091~104935093&u_w=1024&u_h=768&url=https%3A%2F%2Fchull.tv%2F&hn=www.googleadservices.com&frm=0&npa=0&pscdl=noapi&auid=2040339673.1752209542&uaa=x86&uab=64&uafvl=Not)A%253BBrand%3B8.0.0.0%7CChromium%3B138.0.7204.97%7CGoogle%2520Chrome%3B138.0.7204.97&uamb=0&uam=&uap=Windows&uapv=19.0.0&uaw=0&fledge=1&_tu=Cg
iframe ID: 
iframe SRC: 
iframe ID: 
iframe SRC: https://td.doubleclick.net/td/rul/17013215611?random=1752209545448&cv=11&fst=1752209545448&fmt=3&bg=ffffff&guid=ON&async=1&en=form_start&gtm=45be57a0h2za200zb9221036923&gcd=13l3l3l3l1l1&dma=0&tag_exp=101509157~103116026~103200004~103233427~103351869~103351871~104684208~104684211~104909302~104909304~104935091~104935093&u_w=1024&u_h=768&url=https%3A%2F%2Fchull.tv%2Flogin&hn=www.googleadservices.com&frm=0&tiba=Chull%20Tv%20-%20OTT%20Platform%20for%20Web%20Series%20Movies%20Entertainment%20Show&npa=0&pscdl=noapi&auid=2040339673.1752209542&uaa=x86&uab=64&uafvl=Not)A%253BBrand%3B8.0.0.0%7CChromium%3B138.0.7204.97%7CGoogle%2520Chrome%3B138.0.7204.97&uamb=0&uam=&uap=Windows&uapv=19.0.0&uaw=0&fledge=1&data=event%3Dform_start
iframe ID: 
iframe SRC: https://td.doubleclick.net/td/rul/17013215611?random=1752209545475&cv=11&fst=1752209545475&fmt=3&bg=ffffff&guid=ON&async=1&en=form_submit&gtm=45be57a0h2za200zb9221036923&gcd=13l3l3l3l1l1&dma=0&tag_exp=101509157~103116026~103200004~103233427~103351869~103351871~104684208~104684211~104909302~104909304~104935091~104935093&u_w=1024&u_h=768&url=https%3A%2F%2Fchull.tv%2Flogin&hn=www.googleadservices.com&frm=0&tiba=Chull%20Tv%20-%20OTT%20Platform%20for%20Web%20Series%20Movies%20Entertainment%20Show&npa=0&pscdl=noapi&auid=2040339673.1752209542&uaa=x86&uab=64&uafvl=Not)A%253BBrand%3B8.0.0.0%7CChromium%3B138.0.7204.97%7CGoogle%2520Chrome%3B138.0.7204.97&uamb=0&uam=&uap=Windows&uapv=19.0.0&uaw=0&fledge=1&data=event%3Dform_submit
iframe ID: 
iframe SRC: https://td.doubleclick.net/td/rul/17013215611?random=1752209545922&cv=11&fst=1752209545922&fmt=3&bg=ffffff&guid=ON&async=1&en=form_submit&gtm=45be57a0h2za200zb9221036923&gcd=13l3l3l3l1l1&dma=0&tag_exp=101509157~103116026~103200004~103233427~103351869~103351871~104684208~104684211~104909302~104909304~104935091~104935093&u_w=1024&u_h=768&url=https%3A%2F%2Fchull.tv%2Flogin&hn=www.googleadservices.com&frm=0&tiba=Chull%20Tv%20-%20OTT%20Platform%20for%20Web%20Series%20Movies%20Entertainment%20Show&npa=0&pscdl=noapi&auid=2040339673.1752209542&uaa=x86&uab=64&uafvl=Not)A%253BBrand%3B8.0.0.0%7CChromium%3B138.0.7204.97%7CGoogle%2520Chrome%3B138.0.7204.97&uamb=0&uam=&uap=Windows&uapv=19.0.0&uaw=0&fledge=1&data=event%3Dform_submit
Element is visible
]]></system-out>
    <system-err><![CDATA[Jul 11, 2025 10:22:20 AM org.openqa.selenium.devtools.CdpVersionFinder findNearestMatch
WARNING: Unable to find an exact match for CDP version 138, returning the closest version; found: 137; Please update to a Selenium version that supports CDP version 138
]]></system-err>
  </testcase>
  <testcase name="logoutTest" classname="Chull.TestCase" time="11.524">
    <system-err><![CDATA[Jul 11, 2025 10:22:32 AM org.openqa.selenium.devtools.CdpVersionFinder findNearestMatch
WARNING: Unable to find an exact match for CDP version 138, returning the closest version; found: 137; Please update to a Selenium version that supports CDP version 138
]]></system-err>
  </testcase>
  <testcase name="filterValuesTest" classname="Chull.TestCase" time="20.865">
    <system-out><![CDATA[https://chull.tv/language/Hindi/1
]]></system-out>
    <system-err><![CDATA[Jul 11, 2025 10:22:49 AM org.openqa.selenium.devtools.CdpVersionFinder findNearestMatch
WARNING: Unable to find an exact match for CDP version 138, returning the closest version; found: 137; Please update to a Selenium version that supports CDP version 138
]]></system-err>
  </testcase>
  <testcase name="viewAllTest" classname="Chull.TestCase" time="15.824">
    <system-out><![CDATA[Is Top 10 content visible: true
]]></system-out>
    <system-err><![CDATA[Jul 11, 2025 10:23:14 AM org.openqa.selenium.devtools.CdpVersionFinder findNearestMatch
WARNING: Unable to find an exact match for CDP version 138, returning the closest version; found: 137; Please update to a Selenium version that supports CDP version 138
]]></system-err>
  </testcase>
  <testcase name="checkRelatedvideo" classname="Chull.TestCase" time="35.294">
    <system-out><![CDATA[Popup closed.
Total iframes found: 8
Iframe src: https://chull.tv/player.html?file=https://vz-1dab6337-9e3.b-cdn.net/b26e6d82-36e0-40a7-aaf3-a1e5616f6ee6/playlist.m3u8&name=%7B%22id%22%3A389%2C%22name%22%3A%22Wanted%20Hot%20Room%20Mate%22%2C%22video_720%22%3A%22https%3A%5C%2F%5C%2Fvz-1dab6337-9e3.b-cdn.net%5C%2Fb26e6d82-36e0-40a7-aaf3-a1e5616f6ee6%5C%2Fplaylist.m3u8%22%2C%22maturity_rating%22%3A%22A%22%2C%22category_name%22%3A%22Romance%22%2C%22type_id%22%3A1%2C%22video_type%22%3A%22video%22%2C%22session_id%22%3A0%2C%22trailer_url%22%3A%22%22%7D&poster=https://ottimages.b-cdn.net/playerposter.jpg&title=CHULL%20TV
Unable to switch to iframe. Possibly cross-origin.
]]></system-out>
    <system-err><![CDATA[Jul 11, 2025 10:23:35 AM org.openqa.selenium.devtools.CdpVersionFinder findNearestMatch
WARNING: Unable to find an exact match for CDP version 138, returning the closest version; found: 137; Please update to a Selenium version that supports CDP version 138
]]></system-err>
  </testcase>
  <testcase name="Banner_is_visible" classname="Chull.TestCase" time="19.427">
    <system-out><![CDATA[no such element: Unable to locate element: {"method":"xpath","selector":"//img[@class="d-block w-100 mscreen image-gradient"]"}
  (Session info: chrome=138.0.7204.97)
For documentation on this error, please visit: https://www.selenium.dev/documentation/webdriver/troubleshooting/errors#no-such-element-exception
Build info: version: '4.33.0', revision: '2c6aaad03a'
System info: os.name: 'Windows 11', os.arch: 'amd64', os.version: '10.0', java.version: '17.0.12'
Driver info: org.openqa.selenium.chrome.ChromeDriver
Command: [38a566f299b24454473fc4a0724b01fc, findElement {using=xpath, value=//img[@class="d-block w-100 mscreen image-gradient"]}]
Capabilities {acceptInsecureCerts: false, browserName: chrome, browserVersion: 138.0.7204.97, chrome: {chromedriverVersion: 138.0.7204.94 (545025748884..., userDataDir: C:\WINDOWS\SystemTemp\scope...}, fedcm:accounts: true, goog:chromeOptions: {debuggerAddress: localhost:51488}, networkConnectionEnabled: false, pageLoadStrategy: normal, platformName: windows, proxy: Proxy(), se:cdp: ws://localhost:51488/devtoo..., se:cdpVersion: 138.0.7204.97, setWindowRect: true, strictFileInteractability: false, timeouts: {implicit: 0, pageLoad: 300000, script: 30000}, unhandledPromptBehavior: dismiss and notify, webauthn:extension:credBlob: true, webauthn:extension:largeBlob: true, webauthn:extension:minPinLength: true, webauthn:extension:prf: true, webauthn:virtualAuthenticators: true}
Session ID: 38a566f299b24454473fc4a0724b01fc
]]></system-out>
    <system-err><![CDATA[Jul 11, 2025 10:24:13 AM org.openqa.selenium.devtools.CdpVersionFinder findNearestMatch
WARNING: Unable to find an exact match for CDP version 138, returning the closest version; found: 137; Please update to a Selenium version that supports CDP version 138
]]></system-err>
  </testcase>
  <testcase name="subscription" classname="Chull.TestCase" time="11.316">
    <system-out><![CDATA[Subscription button is visible
]]></system-out>
    <system-err><![CDATA[Jul 11, 2025 10:24:37 AM org.openqa.selenium.devtools.CdpVersionFinder findNearestMatch
WARNING: Unable to find an exact match for CDP version 138, returning the closest version; found: 137; Please update to a Selenium version that supports CDP version 138
]]></system-err>
  </testcase>
  <testcase name="withoutLoginSubscriptionButtonisVisible" classname="Chull.TestCase" time="0.117">
    <system-out><![CDATA[Visible
]]></system-out>
    <system-err><![CDATA[Jul 11, 2025 10:24:51 AM org.openqa.selenium.devtools.CdpVersionFinder findNearestMatch
WARNING: Unable to find an exact match for CDP version 138, returning the closest version; found: 137; Please update to a Selenium version that supports CDP version 138
]]></system-err>
  </testcase>
  <testcase name="check_SubscriptionisVisible" classname="Chull.TestCase" time="13.761">
    <system-out><![CDATA[Button 0 text: ₹79₹129
Button 1 text: ₹149₹249
Button 2 text: ₹329₹459
Button 3 text: ₹579₹699
]]></system-out>
    <system-err><![CDATA[Jul 11, 2025 10:24:55 AM org.openqa.selenium.devtools.CdpVersionFinder findNearestMatch
WARNING: Unable to find an exact match for CDP version 138, returning the closest version; found: 137; Please update to a Selenium version that supports CDP version 138
]]></system-err>
  </testcase>
  <testcase name="checkUserBuySubscription" classname="Chull.TestCase" time="13.687">
    <system-out><![CDATA[User already purchase a subscription
]]></system-out>
    <system-err><![CDATA[Jul 11, 2025 10:25:13 AM org.openqa.selenium.devtools.CdpVersionFinder findNearestMatch
WARNING: Unable to find an exact match for CDP version 138, returning the closest version; found: 137; Please update to a Selenium version that supports CDP version 138
]]></system-err>
  </testcase>
  <testcase name="verifyPopupIsVisibleuserBuysubscription" classname="Chull.TestCase" time="18.877">
    <system-out><![CDATA[no such alert
  (Session info: chrome=138.0.7204.97)
Build info: version: '4.33.0', revision: '2c6aaad03a'
System info: os.name: 'Windows 11', os.arch: 'amd64', os.version: '10.0', java.version: '17.0.12'
Driver info: org.openqa.selenium.chrome.ChromeDriver
Command: [0707496f485b931598a4ccef8207db0b, getAlertText {}]
Capabilities {acceptInsecureCerts: false, browserName: chrome, browserVersion: 138.0.7204.97, chrome: {chromedriverVersion: 138.0.7204.94 (545025748884..., userDataDir: C:\WINDOWS\SystemTemp\scope...}, fedcm:accounts: true, goog:chromeOptions: {debuggerAddress: localhost:51772}, networkConnectionEnabled: false, pageLoadStrategy: normal, platformName: windows, proxy: Proxy(), se:cdp: ws://localhost:51772/devtoo..., se:cdpVersion: 138.0.7204.97, setWindowRect: true, strictFileInteractability: false, timeouts: {implicit: 0, pageLoad: 300000, script: 30000}, unhandledPromptBehavior: dismiss and notify, webauthn:extension:credBlob: true, webauthn:extension:largeBlob: true, webauthn:extension:minPinLength: true, webauthn:extension:prf: true, webauthn:virtualAuthenticators: true}
Session ID: 0707496f485b931598a4ccef8207db0b
]]></system-out>
    <system-err><![CDATA[Jul 11, 2025 10:25:30 AM org.openqa.selenium.devtools.CdpVersionFinder findNearestMatch
WARNING: Unable to find an exact match for CDP version 138, returning the closest version; found: 137; Please update to a Selenium version that supports CDP version 138
]]></system-err>
  </testcase>
  <testcase name="verifyurl" classname="Chull.TestCase" time="0.025">
    <system-out><![CDATA[passed
]]></system-out>
    <system-err><![CDATA[Jul 11, 2025 10:26:21 AM org.openqa.selenium.devtools.CdpVersionFinder findNearestMatch
WARNING: Unable to find an exact match for CDP version 138, returning the closest version; found: 137; Please update to a Selenium version that supports CDP version 138
]]></system-err>
  </testcase>
  <testcase name="checkTagname" classname="Chull.TestCase" time="0.049">
    <system-out><![CDATA[verify the url
]]></system-out>
    <system-err><![CDATA[Jul 11, 2025 10:26:25 AM org.openqa.selenium.devtools.CdpVersionFinder findNearestMatch
WARNING: Unable to find an exact match for CDP version 138, returning the closest version; found: 137; Please update to a Selenium version that supports CDP version 138
]]></system-err>
  </testcase>
  <testcase name="countTotalVideosWithNames" classname="Chull.TestCase" time="0.919">
    <system-out><![CDATA[Total number of videos: 37
]]></system-out>
    <system-err><![CDATA[Jul 11, 2025 10:26:29 AM org.openqa.selenium.devtools.CdpVersionFinder findNearestMatch
WARNING: Unable to find an exact match for CDP version 138, returning the closest version; found: 137; Please update to a Selenium version that supports CDP version 138
]]></system-err>
  </testcase>
  <testcase name="ApplestoreButtonTest" classname="Chull.TestCase" time="15.273">
    <system-out><![CDATA[🔗 Redirected URL: https://apps.apple.com/in/app/chull/id6744243409
]]></system-out>
    <system-err><![CDATA[Jul 11, 2025 10:26:35 AM org.openqa.selenium.devtools.CdpVersionFinder findNearestMatch
WARNING: Unable to find an exact match for CDP version 138, returning the closest version; found: 137; Please update to a Selenium version that supports CDP version 138
]]></system-err>
  </testcase>
  <testcase name="playstore" classname="Chull.TestCase" time="15.841">
    <system-out><![CDATA[🔗 Redirected URL: https://play.google.com/store/apps/details?id=com.ott.chulbull&hl=en_IN
]]></system-out>
    <system-err><![CDATA[Jul 11, 2025 10:26:56 AM org.openqa.selenium.devtools.CdpVersionFinder findNearestMatch
WARNING: Unable to find an exact match for CDP version 138, returning the closest version; found: 137; Please update to a Selenium version that supports CDP version 138
]]></system-err>
  </testcase>
  <testcase name="checkcouponprice" classname="Chull.Testcase2" time="17.703">
    <system-out><![CDATA[2.00.00
]]></system-out>
    <system-err><![CDATA[Jul 11, 2025 10:27:44 AM org.openqa.selenium.devtools.CdpVersionFinder findNearestMatch
WARNING: Unable to find an exact match for CDP version 138, returning the closest version; found: 137; Please update to a Selenium version that supports CDP version 138
]]></system-err>
  </testcase>
  <testcase name="couponPercentage" classname="Chull.Testcase2" time="17.914">
    <system-out><![CDATA[2.37.00
Applied coupon code
]]></system-out>
    <system-err><![CDATA[Jul 11, 2025 10:28:34 AM org.openqa.selenium.devtools.CdpVersionFinder findNearestMatch
WARNING: Unable to find an exact match for CDP version 138, returning the closest version; found: 137; Please update to a Selenium version that supports CDP version 138
]]></system-err>
  </testcase>
  <testcase name="checkrazorpayopen" classname="Chull.Testcase2" time="38.12">
    <system-out><![CDATA[2.37.00
Applied coupon code
Exception: no such element: Unable to locate element: {"method":"xpath","selector":"//button[normalize-space()='Continue']"}
  (Session info: chrome=138.0.7204.97)
For documentation on this error, please visit: https://www.selenium.dev/documentation/webdriver/troubleshooting/errors#no-such-element-exception
Build info: version: '4.33.0', revision: '2c6aaad03a'
System info: os.name: 'Windows 11', os.arch: 'amd64', os.version: '10.0', java.version: '17.0.12'
Driver info: org.openqa.selenium.chrome.ChromeDriver
Command: [060e42b1a3719abba707c5644cc34b97, findElement {using=xpath, value=//button[normalize-space()='Continue']}]
Capabilities {acceptInsecureCerts: false, browserName: chrome, browserVersion: 138.0.7204.97, chrome: {chromedriverVersion: 138.0.7204.94 (545025748884..., userDataDir: C:\WINDOWS\SystemTemp\scope...}, fedcm:accounts: true, goog:chromeOptions: {debuggerAddress: localhost:52411}, networkConnectionEnabled: false, pageLoadStrategy: normal, platformName: windows, proxy: Proxy(), se:cdp: ws://localhost:52411/devtoo..., se:cdpVersion: 138.0.7204.97, setWindowRect: true, strictFileInteractability: false, timeouts: {implicit: 0, pageLoad: 300000, script: 30000}, unhandledPromptBehavior: dismiss and notify, webauthn:extension:credBlob: true, webauthn:extension:largeBlob: true, webauthn:extension:minPinLength: true, webauthn:extension:prf: true, webauthn:virtualAuthenticators: true}
Session ID: 060e42b1a3719abba707c5644cc34b97
]]></system-out>
    <system-err><![CDATA[Jul 11, 2025 10:28:58 AM org.openqa.selenium.devtools.CdpVersionFinder findNearestMatch
WARNING: Unable to find an exact match for CDP version 138, returning the closest version; found: 137; Please update to a Selenium version that supports CDP version 138
]]></system-err>
  </testcase>
  <testcase name="Validate_No_Data_message_is_visible" classname="Chull.Testcase2" time="19.828">
    <system-out><![CDATA[No data available
]]></system-out>
    <system-err><![CDATA[Jul 11, 2025 10:29:40 AM org.openqa.selenium.devtools.CdpVersionFinder findNearestMatch
WARNING: Unable to find an exact match for CDP version 138, returning the closest version; found: 137; Please update to a Selenium version that supports CDP version 138
]]></system-err>
  </testcase>
  <testcase name="clickwatchnow_userredirect_into_login" classname="Chull.Testcase2" time="5.891">
    <failure message="invalid session id: session deleted as the browser has closed the connection&#10;from disconnected: Unable to receive message from renderer&#10;  (Session info: chrome=138.0.7204.97)&#10;Build info: version: &apos;4.33.0&apos;, revision: &apos;2c6aaad03a&apos;&#10;System info: os.name: &apos;Windows 11&apos;, os.arch: &apos;amd64&apos;, os.version: &apos;10.0&apos;, java.version: &apos;17.0.12&apos;&#10;Driver info: org.openqa.selenium.chrome.ChromeDriver&#10;Command: [2111ec8c446ae847110afd5a5cd08b31, findElement {using=xpath, value=//button[@class=&quot;sc-fUnMCh hzdSCt&quot;]}]&#10;Capabilities {acceptInsecureCerts: false, browserName: chrome, browserVersion: 138.0.7204.97, chrome: {chromedriverVersion: 138.0.7204.94 (545025748884..., userDataDir: C:\WINDOWS\SystemTemp\scope...}, fedcm:accounts: true, goog:chromeOptions: {debuggerAddress: localhost:52601}, networkConnectionEnabled: false, pageLoadStrategy: normal, platformName: windows, proxy: Proxy(), se:cdp: ws://localhost:52601/devtoo..., se:cdpVersion: 138.0.7204.97, setWindowRect: true, strictFileInteractability: false, timeouts: {implicit: 0, pageLoad: 300000, script: 30000}, unhandledPromptBehavior: dismiss and notify, webauthn:extension:credBlob: true, webauthn:extension:largeBlob: true, webauthn:extension:minPinLength: true, webauthn:extension:prf: true, webauthn:virtualAuthenticators: true}&#10;Session ID: 2111ec8c446ae847110afd5a5cd08b31" type="org.openqa.selenium.NoSuchSessionException"><![CDATA[org.openqa.selenium.NoSuchSessionException: 
invalid session id: session deleted as the browser has closed the connection
from disconnected: Unable to receive message from renderer
  (Session info: chrome=138.0.7204.97)
Build info: version: '4.33.0', revision: '2c6aaad03a'
System info: os.name: 'Windows 11', os.arch: 'amd64', os.version: '10.0', java.version: '17.0.12'
Driver info: org.openqa.selenium.chrome.ChromeDriver
Command: [2111ec8c446ae847110afd5a5cd08b31, findElement {using=xpath, value=//button[@class="sc-fUnMCh hzdSCt"]}]
Capabilities {acceptInsecureCerts: false, browserName: chrome, browserVersion: 138.0.7204.97, chrome: {chromedriverVersion: 138.0.7204.94 (545025748884..., userDataDir: C:\WINDOWS\SystemTemp\scope...}, fedcm:accounts: true, goog:chromeOptions: {debuggerAddress: localhost:52601}, networkConnectionEnabled: false, pageLoadStrategy: normal, platformName: windows, proxy: Proxy(), se:cdp: ws://localhost:52601/devtoo..., se:cdpVersion: 138.0.7204.97, setWindowRect: true, strictFileInteractability: false, timeouts: {implicit: 0, pageLoad: 300000, script: 30000}, unhandledPromptBehavior: dismiss and notify, webauthn:extension:credBlob: true, webauthn:extension:largeBlob: true, webauthn:extension:minPinLength: true, webauthn:extension:prf: true, webauthn:virtualAuthenticators: true}
Session ID: 2111ec8c446ae847110afd5a5cd08b31
	at java.base/jdk.internal.reflect.NativeConstructorAccessorImpl.newInstance0(Native Method)
	at java.base/jdk.internal.reflect.NativeConstructorAccessorImpl.newInstance(NativeConstructorAccessorImpl.java:77)
	at java.base/jdk.internal.reflect.DelegatingConstructorAccessorImpl.newInstance(DelegatingConstructorAccessorImpl.java:45)
	at java.base/java.lang.reflect.Constructor.newInstanceWithCaller(Constructor.java:499)
	at java.base/java.lang.reflect.Constructor.newInstance(Constructor.java:480)
	at org.openqa.selenium.remote.ErrorCodec.decode(ErrorCodec.java:167)
	at org.openqa.selenium.remote.codec.w3c.W3CHttpResponseCodec.decode(W3CHttpResponseCodec.java:138)
	at org.openqa.selenium.remote.codec.w3c.W3CHttpResponseCodec.decode(W3CHttpResponseCodec.java:50)
	at org.openqa.selenium.remote.HttpCommandExecutor.execute(HttpCommandExecutor.java:215)
	at org.openqa.selenium.remote.service.DriverCommandExecutor.invokeExecute(DriverCommandExecutor.java:216)
	at org.openqa.selenium.remote.service.DriverCommandExecutor.execute(DriverCommandExecutor.java:174)
	at org.openqa.selenium.remote.RemoteWebDriver.execute(RemoteWebDriver.java:544)
	at org.openqa.selenium.remote.ElementLocation$ElementFinder$2.findElement(ElementLocation.java:165)
	at org.openqa.selenium.remote.ElementLocation.findElement(ElementLocation.java:59)
	at org.openqa.selenium.remote.RemoteWebDriver.findElement(RemoteWebDriver.java:367)
	at org.openqa.selenium.remote.RemoteWebDriver.findElement(RemoteWebDriver.java:361)
	at Chull.Testcase2.clickwatchnow_userredirect_into_login(Testcase2.java:216)
	at java.base/jdk.internal.reflect.NativeMethodAccessorImpl.invoke0(Native Method)
	at java.base/jdk.internal.reflect.NativeMethodAccessorImpl.invoke(NativeMethodAccessorImpl.java:77)
	at java.base/jdk.internal.reflect.DelegatingMethodAccessorImpl.invoke(DelegatingMethodAccessorImpl.java:43)
	at java.base/java.lang.reflect.Method.invoke(Method.java:568)
	at org.testng.internal.invokers.MethodInvocationHelper.invokeMethod(MethodInvocationHelper.java:141)
	at org.testng.internal.invokers.TestInvoker.invokeMethod(TestInvoker.java:687)
	at org.testng.internal.invokers.TestInvoker.invokeTestMethod(TestInvoker.java:230)
	at org.testng.internal.invokers.MethodRunner.runInSequence(MethodRunner.java:63)
	at org.testng.internal.invokers.TestInvoker$MethodInvocationAgent.invoke(TestInvoker.java:995)
	at org.testng.internal.invokers.TestInvoker.invokeTestMethods(TestInvoker.java:203)
	at org.testng.internal.invokers.TestMethodWorker.invokeTestMethods(TestMethodWorker.java:154)
	at org.testng.internal.invokers.TestMethodWorker.run(TestMethodWorker.java:134)
	at java.base/java.util.concurrent.Executors$RunnableAdapter.call(Executors.java:539)
	at java.base/java.util.concurrent.FutureTask.run(FutureTask.java:264)
	at org.testng.internal.thread.graph.TestNGFutureTask.run(TestNGFutureTask.java:22)
	at java.base/java.util.concurrent.ThreadPoolExecutor.runWorker(ThreadPoolExecutor.java:1136)
	at java.base/java.util.concurrent.ThreadPoolExecutor$Worker.run(ThreadPoolExecutor.java:635)
	at java.base/java.lang.Thread.run(Thread.java:842)
]]></failure>
    <system-err><![CDATA[Jul 11, 2025 10:30:33 AM org.openqa.selenium.devtools.CdpVersionFinder findNearestMatch
WARNING: Unable to find an exact match for CDP version 138, returning the closest version; found: 137; Please update to a Selenium version that supports CDP version 138
]]></system-err>
  </testcase>
</testsuite>