<?xml version="1.0" encoding="UTF-8"?>
<testsuite xmlns:xsi="http://www.w3.org/2001/XMLSchema-instance" xsi:noNamespaceSchemaLocation="https://maven.apache.org/surefire/maven-surefire-plugin/xsd/surefire-test-report-3.0.xsd" version="3.0" name="TestSuite" time="536.342" tests="28" errors="0" skipped="0" failures="0">
  <properties>
    <property name="java.specification.version" value="23"/>
    <property name="sun.cpu.isalist" value="amd64"/>
    <property name="sun.jnu.encoding" value="Cp1252"/>
    <property name="java.class.path" value="C:\Users\Yash\eclipse-workspace\NewChull\target\test-classes;C:\Users\Yash\eclipse-workspace\NewChull\target\classes;C:\Users\Yash\.m2\repository\org\testng\testng\7.11.0\testng-7.11.0.jar;C:\Users\Yash\.m2\repository\org\slf4j\slf4j-api\2.0.16\slf4j-api-2.0.16.jar;C:\Users\Yash\.m2\repository\org\jcommander\jcommander\1.83\jcommander-1.83.jar;C:\Users\Yash\.m2\repository\org\webjars\jquery\3.7.1\jquery-3.7.1.jar;C:\Users\Yash\.m2\repository\org\seleniumhq\selenium\selenium-java\4.33.0\selenium-java-4.33.0.jar;C:\Users\Yash\.m2\repository\org\seleniumhq\selenium\selenium-api\4.33.0\selenium-api-4.33.0.jar;C:\Users\Yash\.m2\repository\org\jspecify\jspecify\1.0.0\jspecify-1.0.0.jar;C:\Users\Yash\.m2\repository\org\seleniumhq\selenium\selenium-chrome-driver\4.33.0\selenium-chrome-driver-4.33.0.jar;C:\Users\Yash\.m2\repository\com\google\auto\service\auto-service-annotations\1.1.1\auto-service-annotations-1.1.1.jar;C:\Users\Yash\.m2\repository\org\seleniumhq\selenium\selenium-chromium-driver\4.33.0\selenium-chromium-driver-4.33.0.jar;C:\Users\Yash\.m2\repository\org\seleniumhq\selenium\selenium-json\4.33.0\selenium-json-4.33.0.jar;C:\Users\Yash\.m2\repository\org\seleniumhq\selenium\selenium-manager\4.33.0\selenium-manager-4.33.0.jar;C:\Users\Yash\.m2\repository\org\seleniumhq\selenium\selenium-devtools-v135\4.33.0\selenium-devtools-v135-4.33.0.jar;C:\Users\Yash\.m2\repository\org\seleniumhq\selenium\selenium-devtools-v136\4.33.0\selenium-devtools-v136-4.33.0.jar;C:\Users\Yash\.m2\repository\org\seleniumhq\selenium\selenium-devtools-v137\4.33.0\selenium-devtools-v137-4.33.0.jar;C:\Users\Yash\.m2\repository\org\seleniumhq\selenium\selenium-edge-driver\4.33.0\selenium-edge-driver-4.33.0.jar;C:\Users\Yash\.m2\repository\org\seleniumhq\selenium\selenium-firefox-driver\4.33.0\selenium-firefox-driver-4.33.0.jar;C:\Users\Yash\.m2\repository\org\seleniumhq\selenium\selenium-http\4.33.0\selenium-http-4.33.0.jar;C:\Users\Yash\.m2\repository\org\seleniumhq\selenium\selenium-ie-driver\4.33.0\selenium-ie-driver-4.33.0.jar;C:\Users\Yash\.m2\repository\org\seleniumhq\selenium\selenium-remote-driver\4.33.0\selenium-remote-driver-4.33.0.jar;C:\Users\Yash\.m2\repository\com\google\guava\guava\33.4.8-jre\guava-33.4.8-jre.jar;C:\Users\Yash\.m2\repository\com\google\guava\failureaccess\1.0.3\failureaccess-1.0.3.jar;C:\Users\Yash\.m2\repository\com\google\guava\listenablefuture\9999.0-empty-to-avoid-conflict-with-guava\listenablefuture-9999.0-empty-to-avoid-conflict-with-guava.jar;C:\Users\Yash\.m2\repository\com\google\errorprone\error_prone_annotations\2.36.0\error_prone_annotations-2.36.0.jar;C:\Users\Yash\.m2\repository\com\google\j2objc\j2objc-annotations\3.0.0\j2objc-annotations-3.0.0.jar;C:\Users\Yash\.m2\repository\io\opentelemetry\opentelemetry-api\1.50.0\opentelemetry-api-1.50.0.jar;C:\Users\Yash\.m2\repository\io\opentelemetry\opentelemetry-context\1.50.0\opentelemetry-context-1.50.0.jar;C:\Users\Yash\.m2\repository\io\opentelemetry\opentelemetry-exporter-logging\1.50.0\opentelemetry-exporter-logging-1.50.0.jar;C:\Users\Yash\.m2\repository\io\opentelemetry\opentelemetry-sdk-common\1.50.0\opentelemetry-sdk-common-1.50.0.jar;C:\Users\Yash\.m2\repository\io\opentelemetry\opentelemetry-sdk-extension-autoconfigure-spi\1.50.0\opentelemetry-sdk-extension-autoconfigure-spi-1.50.0.jar;C:\Users\Yash\.m2\repository\io\opentelemetry\opentelemetry-sdk-extension-autoconfigure\1.50.0\opentelemetry-sdk-extension-autoconfigure-1.50.0.jar;C:\Users\Yash\.m2\repository\io\opentelemetry\opentelemetry-sdk-trace\1.50.0\opentelemetry-sdk-trace-1.50.0.jar;C:\Users\Yash\.m2\repository\io\opentelemetry\opentelemetry-sdk\1.50.0\opentelemetry-sdk-1.50.0.jar;C:\Users\Yash\.m2\repository\io\opentelemetry\opentelemetry-sdk-metrics\1.50.0\opentelemetry-sdk-metrics-1.50.0.jar;C:\Users\Yash\.m2\repository\io\opentelemetry\opentelemetry-sdk-logs\1.50.0\opentelemetry-sdk-logs-1.50.0.jar;C:\Users\Yash\.m2\repository\net\bytebuddy\byte-buddy\1.17.5\byte-buddy-1.17.5.jar;C:\Users\Yash\.m2\repository\org\seleniumhq\selenium\selenium-os\4.33.0\selenium-os-4.33.0.jar;C:\Users\Yash\.m2\repository\org\apache\commons\commons-exec\1.4.0\commons-exec-1.4.0.jar;C:\Users\Yash\.m2\repository\org\seleniumhq\selenium\selenium-safari-driver\4.33.0\selenium-safari-driver-4.33.0.jar;C:\Users\Yash\.m2\repository\org\seleniumhq\selenium\selenium-support\4.33.0\selenium-support-4.33.0.jar;C:\Users\Yash\.m2\repository\commons-io\commons-io\2.11.0\commons-io-2.11.0.jar;C:\Users\Yash\.m2\repository\io\github\bonigarcia\webdrivermanager\5.6.2\webdrivermanager-5.6.2.jar;C:\Users\Yash\.m2\repository\com\google\code\gson\gson\2.10.1\gson-2.10.1.jar;C:\Users\Yash\.m2\repository\com\github\docker-java\docker-java\3.3.4\docker-java-3.3.4.jar;C:\Users\Yash\.m2\repository\com\github\docker-java\docker-java-core\3.3.4\docker-java-core-3.3.4.jar;C:\Users\Yash\.m2\repository\com\github\docker-java\docker-java-api\3.3.4\docker-java-api-3.3.4.jar;C:\Users\Yash\.m2\repository\com\fasterxml\jackson\core\jackson-annotations\2.10.3\jackson-annotations-2.10.3.jar;C:\Users\Yash\.m2\repository\com\fasterxml\jackson\core\jackson-databind\2.10.3\jackson-databind-2.10.3.jar;C:\Users\Yash\.m2\repository\com\fasterxml\jackson\core\jackson-core\2.10.3\jackson-core-2.10.3.jar;C:\Users\Yash\.m2\repository\org\bouncycastle\bcpkix-jdk18on\1.76\bcpkix-jdk18on-1.76.jar;C:\Users\Yash\.m2\repository\org\bouncycastle\bcprov-jdk18on\1.76\bcprov-jdk18on-1.76.jar;C:\Users\Yash\.m2\repository\org\bouncycastle\bcutil-jdk18on\1.76\bcutil-jdk18on-1.76.jar;C:\Users\Yash\.m2\repository\org\slf4j\jcl-over-slf4j\1.7.30\jcl-over-slf4j-1.7.30.jar;C:\Users\Yash\.m2\repository\com\github\docker-java\docker-java-transport-httpclient5\3.3.4\docker-java-transport-httpclient5-3.3.4.jar;C:\Users\Yash\.m2\repository\com\github\docker-java\docker-java-transport\3.3.4\docker-java-transport-3.3.4.jar;C:\Users\Yash\.m2\repository\net\java\dev\jna\jna\5.13.0\jna-5.13.0.jar;C:\Users\Yash\.m2\repository\org\brotli\dec\0.1.2\dec-0.1.2.jar;C:\Users\Yash\.m2\repository\org\apache\commons\commons-lang3\3.13.0\commons-lang3-3.13.0.jar;C:\Users\Yash\.m2\repository\org\apache\commons\commons-compress\1.24.0\commons-compress-1.24.0.jar;C:\Users\Yash\.m2\repository\org\apache\httpcomponents\client5\httpclient5\5.2.1\httpclient5-5.2.1.jar;C:\Users\Yash\.m2\repository\org\apache\httpcomponents\core5\httpcore5\5.2\httpcore5-5.2.jar;C:\Users\Yash\.m2\repository\org\apache\httpcomponents\core5\httpcore5-h2\5.2\httpcore5-h2-5.2.jar;"/>
    <property name="java.vm.vendor" value="Oracle Corporation"/>
    <property name="sun.arch.data.model" value="64"/>
    <property name="user.variant" value=""/>
    <property name="java.vendor.url" value="https://java.oracle.com/"/>
    <property name="user.timezone" value="Asia/Calcutta"/>
    <property name="os.name" value="Windows 11"/>
    <property name="java.vm.specification.version" value="23"/>
    <property name="sun.java.launcher" value="SUN_STANDARD"/>
    <property name="user.country" value="US"/>
    <property name="sun.boot.library.path" value="C:\Program Files\Java\jdk-23\bin"/>
    <property name="sun.java.command" value="C:\Users\Yash\AppData\Local\Temp\surefire4883292647510246913\surefirebooter-20250716155750946_3.jar C:\Users\Yash\AppData\Local\Temp\surefire4883292647510246913 2025-07-16T15-57-50_784-jvmRun1 surefire-20250716155750946_1tmp surefire_0-20250716155750946_2tmp"/>
    <property name="jdk.debug" value="release"/>
    <property name="surefire.test.class.path" value="C:\Users\Yash\eclipse-workspace\NewChull\target\test-classes;C:\Users\Yash\eclipse-workspace\NewChull\target\classes;C:\Users\Yash\.m2\repository\org\testng\testng\7.11.0\testng-7.11.0.jar;C:\Users\Yash\.m2\repository\org\slf4j\slf4j-api\2.0.16\slf4j-api-2.0.16.jar;C:\Users\Yash\.m2\repository\org\jcommander\jcommander\1.83\jcommander-1.83.jar;C:\Users\Yash\.m2\repository\org\webjars\jquery\3.7.1\jquery-3.7.1.jar;C:\Users\Yash\.m2\repository\org\seleniumhq\selenium\selenium-java\4.33.0\selenium-java-4.33.0.jar;C:\Users\Yash\.m2\repository\org\seleniumhq\selenium\selenium-api\4.33.0\selenium-api-4.33.0.jar;C:\Users\Yash\.m2\repository\org\jspecify\jspecify\1.0.0\jspecify-1.0.0.jar;C:\Users\Yash\.m2\repository\org\seleniumhq\selenium\selenium-chrome-driver\4.33.0\selenium-chrome-driver-4.33.0.jar;C:\Users\Yash\.m2\repository\com\google\auto\service\auto-service-annotations\1.1.1\auto-service-annotations-1.1.1.jar;C:\Users\Yash\.m2\repository\org\seleniumhq\selenium\selenium-chromium-driver\4.33.0\selenium-chromium-driver-4.33.0.jar;C:\Users\Yash\.m2\repository\org\seleniumhq\selenium\selenium-json\4.33.0\selenium-json-4.33.0.jar;C:\Users\Yash\.m2\repository\org\seleniumhq\selenium\selenium-manager\4.33.0\selenium-manager-4.33.0.jar;C:\Users\Yash\.m2\repository\org\seleniumhq\selenium\selenium-devtools-v135\4.33.0\selenium-devtools-v135-4.33.0.jar;C:\Users\Yash\.m2\repository\org\seleniumhq\selenium\selenium-devtools-v136\4.33.0\selenium-devtools-v136-4.33.0.jar;C:\Users\Yash\.m2\repository\org\seleniumhq\selenium\selenium-devtools-v137\4.33.0\selenium-devtools-v137-4.33.0.jar;C:\Users\Yash\.m2\repository\org\seleniumhq\selenium\selenium-edge-driver\4.33.0\selenium-edge-driver-4.33.0.jar;C:\Users\Yash\.m2\repository\org\seleniumhq\selenium\selenium-firefox-driver\4.33.0\selenium-firefox-driver-4.33.0.jar;C:\Users\Yash\.m2\repository\org\seleniumhq\selenium\selenium-http\4.33.0\selenium-http-4.33.0.jar;C:\Users\Yash\.m2\repository\org\seleniumhq\selenium\selenium-ie-driver\4.33.0\selenium-ie-driver-4.33.0.jar;C:\Users\Yash\.m2\repository\org\seleniumhq\selenium\selenium-remote-driver\4.33.0\selenium-remote-driver-4.33.0.jar;C:\Users\Yash\.m2\repository\com\google\guava\guava\33.4.8-jre\guava-33.4.8-jre.jar;C:\Users\Yash\.m2\repository\com\google\guava\failureaccess\1.0.3\failureaccess-1.0.3.jar;C:\Users\Yash\.m2\repository\com\google\guava\listenablefuture\9999.0-empty-to-avoid-conflict-with-guava\listenablefuture-9999.0-empty-to-avoid-conflict-with-guava.jar;C:\Users\Yash\.m2\repository\com\google\errorprone\error_prone_annotations\2.36.0\error_prone_annotations-2.36.0.jar;C:\Users\Yash\.m2\repository\com\google\j2objc\j2objc-annotations\3.0.0\j2objc-annotations-3.0.0.jar;C:\Users\Yash\.m2\repository\io\opentelemetry\opentelemetry-api\1.50.0\opentelemetry-api-1.50.0.jar;C:\Users\Yash\.m2\repository\io\opentelemetry\opentelemetry-context\1.50.0\opentelemetry-context-1.50.0.jar;C:\Users\Yash\.m2\repository\io\opentelemetry\opentelemetry-exporter-logging\1.50.0\opentelemetry-exporter-logging-1.50.0.jar;C:\Users\Yash\.m2\repository\io\opentelemetry\opentelemetry-sdk-common\1.50.0\opentelemetry-sdk-common-1.50.0.jar;C:\Users\Yash\.m2\repository\io\opentelemetry\opentelemetry-sdk-extension-autoconfigure-spi\1.50.0\opentelemetry-sdk-extension-autoconfigure-spi-1.50.0.jar;C:\Users\Yash\.m2\repository\io\opentelemetry\opentelemetry-sdk-extension-autoconfigure\1.50.0\opentelemetry-sdk-extension-autoconfigure-1.50.0.jar;C:\Users\Yash\.m2\repository\io\opentelemetry\opentelemetry-sdk-trace\1.50.0\opentelemetry-sdk-trace-1.50.0.jar;C:\Users\Yash\.m2\repository\io\opentelemetry\opentelemetry-sdk\1.50.0\opentelemetry-sdk-1.50.0.jar;C:\Users\Yash\.m2\repository\io\opentelemetry\opentelemetry-sdk-metrics\1.50.0\opentelemetry-sdk-metrics-1.50.0.jar;C:\Users\Yash\.m2\repository\io\opentelemetry\opentelemetry-sdk-logs\1.50.0\opentelemetry-sdk-logs-1.50.0.jar;C:\Users\Yash\.m2\repository\net\bytebuddy\byte-buddy\1.17.5\byte-buddy-1.17.5.jar;C:\Users\Yash\.m2\repository\org\seleniumhq\selenium\selenium-os\4.33.0\selenium-os-4.33.0.jar;C:\Users\Yash\.m2\repository\org\apache\commons\commons-exec\1.4.0\commons-exec-1.4.0.jar;C:\Users\Yash\.m2\repository\org\seleniumhq\selenium\selenium-safari-driver\4.33.0\selenium-safari-driver-4.33.0.jar;C:\Users\Yash\.m2\repository\org\seleniumhq\selenium\selenium-support\4.33.0\selenium-support-4.33.0.jar;C:\Users\Yash\.m2\repository\commons-io\commons-io\2.11.0\commons-io-2.11.0.jar;C:\Users\Yash\.m2\repository\io\github\bonigarcia\webdrivermanager\5.6.2\webdrivermanager-5.6.2.jar;C:\Users\Yash\.m2\repository\com\google\code\gson\gson\2.10.1\gson-2.10.1.jar;C:\Users\Yash\.m2\repository\com\github\docker-java\docker-java\3.3.4\docker-java-3.3.4.jar;C:\Users\Yash\.m2\repository\com\github\docker-java\docker-java-core\3.3.4\docker-java-core-3.3.4.jar;C:\Users\Yash\.m2\repository\com\github\docker-java\docker-java-api\3.3.4\docker-java-api-3.3.4.jar;C:\Users\Yash\.m2\repository\com\fasterxml\jackson\core\jackson-annotations\2.10.3\jackson-annotations-2.10.3.jar;C:\Users\Yash\.m2\repository\com\fasterxml\jackson\core\jackson-databind\2.10.3\jackson-databind-2.10.3.jar;C:\Users\Yash\.m2\repository\com\fasterxml\jackson\core\jackson-core\2.10.3\jackson-core-2.10.3.jar;C:\Users\Yash\.m2\repository\org\bouncycastle\bcpkix-jdk18on\1.76\bcpkix-jdk18on-1.76.jar;C:\Users\Yash\.m2\repository\org\bouncycastle\bcprov-jdk18on\1.76\bcprov-jdk18on-1.76.jar;C:\Users\Yash\.m2\repository\org\bouncycastle\bcutil-jdk18on\1.76\bcutil-jdk18on-1.76.jar;C:\Users\Yash\.m2\repository\org\slf4j\jcl-over-slf4j\1.7.30\jcl-over-slf4j-1.7.30.jar;C:\Users\Yash\.m2\repository\com\github\docker-java\docker-java-transport-httpclient5\3.3.4\docker-java-transport-httpclient5-3.3.4.jar;C:\Users\Yash\.m2\repository\com\github\docker-java\docker-java-transport\3.3.4\docker-java-transport-3.3.4.jar;C:\Users\Yash\.m2\repository\net\java\dev\jna\jna\5.13.0\jna-5.13.0.jar;C:\Users\Yash\.m2\repository\org\brotli\dec\0.1.2\dec-0.1.2.jar;C:\Users\Yash\.m2\repository\org\apache\commons\commons-lang3\3.13.0\commons-lang3-3.13.0.jar;C:\Users\Yash\.m2\repository\org\apache\commons\commons-compress\1.24.0\commons-compress-1.24.0.jar;C:\Users\Yash\.m2\repository\org\apache\httpcomponents\client5\httpclient5\5.2.1\httpclient5-5.2.1.jar;C:\Users\Yash\.m2\repository\org\apache\httpcomponents\core5\httpcore5\5.2\httpcore5-5.2.jar;C:\Users\Yash\.m2\repository\org\apache\httpcomponents\core5\httpcore5-h2\5.2\httpcore5-h2-5.2.jar;"/>
    <property name="sun.cpu.endian" value="little"/>
    <property name="user.home" value="C:\Users\Yash"/>
    <property name="user.language" value="en"/>
    <property name="java.specification.vendor" value="Oracle Corporation"/>
    <property name="java.version.date" value="2024-10-15"/>
    <property name="java.home" value="C:\Program Files\Java\jdk-23"/>
    <property name="file.separator" value="\"/>
    <property name="basedir" value="C:\Users\Yash\eclipse-workspace\NewChull"/>
    <property name="java.vm.compressedOopsMode" value="32-bit"/>
    <property name="line.separator" value="&#10;"/>
    <property name="java.vm.specification.vendor" value="Oracle Corporation"/>
    <property name="java.specification.name" value="Java Platform API Specification"/>
    <property name="surefire.real.class.path" value="C:\Users\Yash\AppData\Local\Temp\surefire4883292647510246913\surefirebooter-20250716155750946_3.jar"/>
    <property name="user.script" value=""/>
    <property name="sun.management.compiler" value="HotSpot 64-Bit Tiered Compilers"/>
    <property name="java.runtime.version" value="23.0.1+11-39"/>
    <property name="user.name" value="Yash"/>
    <property name="stdout.encoding" value="Cp1252"/>
    <property name="path.separator" value=";"/>
    <property name="os.version" value="10.0"/>
    <property name="java.runtime.name" value="Java(TM) SE Runtime Environment"/>
    <property name="file.encoding" value="UTF-8"/>
    <property name="java.vm.name" value="Java HotSpot(TM) 64-Bit Server VM"/>
    <property name="localRepository" value="C:\Users\Yash\.m2\repository"/>
    <property name="java.vendor.url.bug" value="https://bugreport.java.com/bugreport/"/>
    <property name="java.io.tmpdir" value="C:\Users\Yash\AppData\Local\Temp\"/>
    <property name="java.version" value="23.0.1"/>
    <property name="user.dir" value="C:\Users\Yash\eclipse-workspace\NewChull"/>
    <property name="os.arch" value="amd64"/>
    <property name="java.vm.specification.name" value="Java Virtual Machine Specification"/>
    <property name="sun.os.patch.level" value=""/>
    <property name="native.encoding" value="Cp1252"/>
    <property name="java.library.path" value="C:\Program Files\Java\jdk-23\bin;C:\WINDOWS\Sun\Java\bin;C:\WINDOWS\system32;C:\WINDOWS;C:\app\Administrator\product\21c\dbhomeXE\bin;C:\Program Files\Common Files\Oracle\Java\javapath;C:\Program Files;C:\Program Files\Java\jdk-23\bin;C:\Users\Yash\apache-maven-3.9.9\bin;C:\Users\Yash\AppData\Local\Microsoft\WindowsApps;C:\Users\Yash\AppData\Local\Programs\Git\cmd;."/>
    <property name="java.vm.info" value="mixed mode, sharing"/>
    <property name="stderr.encoding" value="Cp1252"/>
    <property name="java.vendor" value="Oracle Corporation"/>
    <property name="java.vm.version" value="23.0.1+11-39"/>
    <property name="sun.io.unicode.encoding" value="UnicodeLittle"/>
    <property name="java.class.version" value="67.0"/>
  </properties>
  <testcase name="loginWithMailTest" classname="Chull.TestCase" time="3.314">
    <system-err><![CDATA[SLF4J(W): No SLF4J providers were found.
SLF4J(W): Defaulting to no-operation (NOP) logger implementation
SLF4J(W): See https://www.slf4j.org/codes.html#noProviders for further details.
Jul 16, 2025 3:57:54 PM org.openqa.selenium.devtools.CdpVersionFinder findNearestMatch
WARNING: Unable to find an exact match for CDP version 138, returning the closest version; found: 137; Please update to a Selenium version that supports CDP version 138
]]></system-err>
  </testcase>
  <testcase name="loginWithPhoneNumber" classname="Chull.TestCase" time="8.954">
    <system-err><![CDATA[Jul 16, 2025 3:58:04 PM org.openqa.selenium.devtools.CdpVersionFinder findNearestMatch
WARNING: Unable to find an exact match for CDP version 138, returning the closest version; found: 137; Please update to a Selenium version that supports CDP version 138
]]></system-err>
  </testcase>
  <testcase name="verifyCurrentUrlTest" classname="Chull.TestCase" time="0.034">
    <system-out><![CDATA[True 
]]></system-out>
    <system-err><![CDATA[Jul 16, 2025 3:58:16 PM org.openqa.selenium.devtools.CdpVersionFinder findNearestMatch
WARNING: Unable to find an exact match for CDP version 138, returning the closest version; found: 137; Please update to a Selenium version that supports CDP version 138
]]></system-err>
  </testcase>
  <testcase name="updateProfileTest" classname="Chull.TestCase" time="13.554">
    <system-err><![CDATA[Jul 16, 2025 3:58:20 PM org.openqa.selenium.devtools.CdpVersionFinder findNearestMatch
WARNING: Unable to find an exact match for CDP version 138, returning the closest version; found: 137; Please update to a Selenium version that supports CDP version 138
]]></system-err>
  </testcase>
  <testcase name="searchVideoTest" classname="Chull.TestCase" time="19.324">
    <system-out><![CDATA[video is not displayed
]]></system-out>
    <system-err><![CDATA[Jul 16, 2025 3:58:37 PM org.openqa.selenium.devtools.CdpVersionFinder findNearestMatch
WARNING: Unable to find an exact match for CDP version 138, returning the closest version; found: 137; Please update to a Selenium version that supports CDP version 138
]]></system-err>
  </testcase>
  <testcase name="wrongOtpLoginTest" classname="Chull.TestCase" time="6.926">
    <system-out><![CDATA[Verify OTP
]]></system-out>
    <system-err><![CDATA[Jul 16, 2025 3:59:01 PM org.openqa.selenium.devtools.CdpVersionFinder findNearestMatch
WARNING: Unable to find an exact match for CDP version 138, returning the closest version; found: 137; Please update to a Selenium version that supports CDP version 138
]]></system-err>
  </testcase>
  <testcase name="playVideoTest" classname="Chull.TestCase" time="13.091">
    <system-out><![CDATA[Popup closed.
Total iframes found: 7
Iframe src: https://td.doubleclick.net/td/rul/17013215611?random=1752661752807&cv=11&fst=1752661752807&fmt=3&bg=ffffff&guid=ON&async=1&en=gtag.config&gtm=45be57e1z89221036923za200zb9221036923&gcd=13l3l3l3l1l1&dma=0&tag_exp=101509157~103116026~103200004~103233427~103351869~103351871~104684208~104684211~104732253~104732255~104964062~104964064&u_w=1280&u_h=720&url=https%3A%2F%2Fchull.tv%2F&hn=www.googleadservices.com&frm=0&npa=0&pscdl=noapi&auid=593314224.1752661753&uaa=x86&uab=64&uafvl=Not)A%253BBrand%3B8.0.0.0%7CChromium%3B138.0.7204.101%7CGoogle%2520Chrome%3B138.0.7204.101&uamb=0&uam=&uap=Windows&uapv=19.0.0&uaw=0&fledge=1&data=event%3Dgtag.config
Iframe src: https://td.doubleclick.net/td/rul/17013215611?random=1752661752868&cv=11&fst=1752661752868&fmt=3&bg=ffffff&guid=ON&async=1&gtm=45be57e1z89221036923za200zb9221036923&gcd=13l3l3l3l1l1&dma=0&tag_exp=101509157~103116026~103200004~103233427~103351869~103351871~104684208~104684211~104732253~104732255~104964062~104964064&u_w=1280&u_h=720&url=https%3A%2F%2Fchull.tv%2F&hn=www.googleadservices.com&frm=0&npa=0&pscdl=noapi&auid=593314224.1752661753&uaa=x86&uab=64&uafvl=Not)A%253BBrand%3B8.0.0.0%7CChromium%3B138.0.7204.101%7CGoogle%2520Chrome%3B138.0.7204.101&uamb=0&uam=&uap=Windows&uapv=19.0.0&uaw=0&fledge=1&_tu=Cg
Iframe src: 
Iframe src: https://td.doubleclick.net/td/rul/17013215611?random=1752661755385&cv=11&fst=1752661755385&fmt=3&bg=ffffff&guid=ON&async=1&en=form_start&gtm=45be57e1za200zb9221036923&gcd=13l3l3l3l1l1&dma=0&tag_exp=101509157~103116026~103200004~103233427~103351869~103351871~104684208~104684211~104732253~104732255~104964062~104964064&u_w=1280&u_h=720&url=https%3A%2F%2Fchull.tv%2Flogin&hn=www.googleadservices.com&frm=0&tiba=Chull%20Tv%20-%20OTT%20Platform%20for%20Web%20Series%20Movies%20Entertainment%20Show&npa=0&pscdl=noapi&auid=593314224.1752661753&uaa=x86&uab=64&uafvl=Not)A%253BBrand%3B8.0.0.0%7CChromium%3B138.0.7204.101%7CGoogle%2520Chrome%3B138.0.7204.101&uamb=0&uam=&uap=Windows&uapv=19.0.0&uaw=0&fledge=1&data=event%3Dform_start
Iframe src: https://td.doubleclick.net/td/rul/17013215611?random=1752661755405&cv=11&fst=1752661755405&fmt=3&bg=ffffff&guid=ON&async=1&en=form_submit&gtm=45be57e1za200zb9221036923&gcd=13l3l3l3l1l1&dma=0&tag_exp=101509157~103116026~103200004~103233427~103351869~103351871~104684208~104684211~104732253~104732255~104964062~104964064&u_w=1280&u_h=720&url=https%3A%2F%2Fchull.tv%2Flogin&hn=www.googleadservices.com&frm=0&tiba=Chull%20Tv%20-%20OTT%20Platform%20for%20Web%20Series%20Movies%20Entertainment%20Show&npa=0&pscdl=noapi&auid=593314224.1752661753&uaa=x86&uab=64&uafvl=Not)A%253BBrand%3B8.0.0.0%7CChromium%3B138.0.7204.101%7CGoogle%2520Chrome%3B138.0.7204.101&uamb=0&uam=&uap=Windows&uapv=19.0.0&uaw=0&fledge=1&data=event%3Dform_submit
Iframe src: https://td.doubleclick.net/td/rul/17013215611?random=1752661755730&cv=11&fst=1752661755730&fmt=3&bg=ffffff&guid=ON&async=1&en=form_submit&gtm=45be57e1za200zb9221036923&gcd=13l3l3l3l1l1&dma=0&tag_exp=101509157~103116026~103200004~103233427~103351869~103351871~104684208~104684211~104732253~104732255~104964062~104964064&u_w=1280&u_h=720&url=https%3A%2F%2Fchull.tv%2Flogin&hn=www.googleadservices.com&frm=0&tiba=Chull%20Tv%20-%20OTT%20Platform%20for%20Web%20Series%20Movies%20Entertainment%20Show&npa=0&pscdl=noapi&auid=593314224.1752661753&uaa=x86&uab=64&uafvl=Not)A%253BBrand%3B8.0.0.0%7CChromium%3B138.0.7204.101%7CGoogle%2520Chrome%3B138.0.7204.101&uamb=0&uam=&uap=Windows&uapv=19.0.0&uaw=0&fledge=1&data=event%3Dform_submit
Iframe src: https://api.razorpay.com/v1/checkout/public?traffic_env=production&build=aaa895c20a448a26fe0b26ca325716fbe23fc249&build_v1=9178825fcaa29bff305ce60d80aa466c65beadfe&checkout_v2=1&new_session=1
Player iframe not found.
]]></system-out>
    <system-err><![CDATA[Jul 16, 2025 3:59:11 PM org.openqa.selenium.devtools.CdpVersionFinder findNearestMatch
WARNING: Unable to find an exact match for CDP version 138, returning the closest version; found: 137; Please update to a Selenium version that supports CDP version 138
]]></system-err>
  </testcase>
  <testcase name="footerTermsAndConditionsTest" classname="Chull.TestCase" time="5.8">
    <system-out><![CDATA[Total iframes: 7
iframe ID: support
iframe SRC: https://chull.ottsnap.in/pages/3
iframe ID: 
iframe SRC: https://td.doubleclick.net/td/rul/17013215611?random=1752661769820&cv=11&fst=1752661769820&fmt=3&bg=ffffff&guid=ON&async=1&en=gtag.config&gtm=45be57e1z89221036923za200zb9221036923&gcd=13l3l3l3l1l1&dma=0&tag_exp=101509157~103116026~103200004~103233427~103351869~103351871~104684208~104684211~104732253~104732255&u_w=1280&u_h=720&url=https%3A%2F%2Fchull.tv%2F&hn=www.googleadservices.com&frm=0&npa=0&pscdl=noapi&auid=1499886340.1752661770&uaa=x86&uab=64&uafvl=Not)A%253BBrand%3B8.0.0.0%7CChromium%3B138.0.7204.101%7CGoogle%2520Chrome%3B138.0.7204.101&uamb=0&uam=&uap=Windows&uapv=19.0.0&uaw=0&fledge=1&data=event%3Dgtag.config
iframe ID: 
iframe SRC: https://td.doubleclick.net/td/rul/17013215611?random=1752661769881&cv=11&fst=1752661769881&fmt=3&bg=ffffff&guid=ON&async=1&gtm=45be57e1z89221036923za200zb9221036923&gcd=13l3l3l3l1l1&dma=0&tag_exp=101509157~103116026~103200004~103233427~103351869~103351871~104684208~104684211~104732253~104732255&u_w=1280&u_h=720&url=https%3A%2F%2Fchull.tv%2F&hn=www.googleadservices.com&frm=0&npa=0&pscdl=noapi&auid=1499886340.1752661770&uaa=x86&uab=64&uafvl=Not)A%253BBrand%3B8.0.0.0%7CChromium%3B138.0.7204.101%7CGoogle%2520Chrome%3B138.0.7204.101&uamb=0&uam=&uap=Windows&uapv=19.0.0&uaw=0&fledge=1&_tu=Cg
iframe ID: 
iframe SRC: 
iframe ID: 
iframe SRC: https://td.doubleclick.net/td/rul/17013215611?random=1752661772230&cv=11&fst=1752661772230&fmt=3&bg=ffffff&guid=ON&async=1&en=form_start&gtm=45be57e1za200zb9221036923&gcd=13l3l3l3l1l1&dma=0&tag_exp=101509157~103116026~103200004~103233427~103351869~103351871~104684208~104684211~104732253~104732255&u_w=1280&u_h=720&url=https%3A%2F%2Fchull.tv%2Flogin&hn=www.googleadservices.com&frm=0&tiba=Chull%20Tv%20-%20OTT%20Platform%20for%20Web%20Series%20Movies%20Entertainment%20Show&npa=0&pscdl=noapi&auid=1499886340.1752661770&uaa=x86&uab=64&uafvl=Not)A%253BBrand%3B8.0.0.0%7CChromium%3B138.0.7204.101%7CGoogle%2520Chrome%3B138.0.7204.101&uamb=0&uam=&uap=Windows&uapv=19.0.0&uaw=0&fledge=1&data=event%3Dform_start
iframe ID: 
iframe SRC: https://td.doubleclick.net/td/rul/17013215611?random=1752661772246&cv=11&fst=1752661772246&fmt=3&bg=ffffff&guid=ON&async=1&en=form_submit&gtm=45be57e1za200zb9221036923&gcd=13l3l3l3l1l1&dma=0&tag_exp=101509157~103116026~103200004~103233427~103351869~103351871~104684208~104684211~104732253~104732255&u_w=1280&u_h=720&url=https%3A%2F%2Fchull.tv%2Flogin&hn=www.googleadservices.com&frm=0&tiba=Chull%20Tv%20-%20OTT%20Platform%20for%20Web%20Series%20Movies%20Entertainment%20Show&npa=0&pscdl=noapi&auid=1499886340.1752661770&uaa=x86&uab=64&uafvl=Not)A%253BBrand%3B8.0.0.0%7CChromium%3B138.0.7204.101%7CGoogle%2520Chrome%3B138.0.7204.101&uamb=0&uam=&uap=Windows&uapv=19.0.0&uaw=0&fledge=1&data=event%3Dform_submit
iframe ID: 
iframe SRC: https://td.doubleclick.net/td/rul/17013215611?random=1752661772613&cv=11&fst=1752661772613&fmt=3&bg=ffffff&guid=ON&async=1&en=form_submit&gtm=45be57e1za200zb9221036923&gcd=13l3l3l3l1l1&dma=0&tag_exp=101509157~103116026~103200004~103233427~103351869~103351871~104684208~104684211~104732253~104732255&u_w=1280&u_h=720&url=https%3A%2F%2Fchull.tv%2Flogin&hn=www.googleadservices.com&frm=0&tiba=Chull%20Tv%20-%20OTT%20Platform%20for%20Web%20Series%20Movies%20Entertainment%20Show&npa=0&pscdl=noapi&auid=1499886340.1752661770&uaa=x86&uab=64&uafvl=Not)A%253BBrand%3B8.0.0.0%7CChromium%3B138.0.7204.101%7CGoogle%2520Chrome%3B138.0.7204.101&uamb=0&uam=&uap=Windows&uapv=19.0.0&uaw=0&fledge=1&data=event%3Dform_submit
Element is visible
]]></system-out>
    <system-err><![CDATA[Jul 16, 2025 3:59:28 PM org.openqa.selenium.devtools.CdpVersionFinder findNearestMatch
WARNING: Unable to find an exact match for CDP version 138, returning the closest version; found: 137; Please update to a Selenium version that supports CDP version 138
]]></system-err>
  </testcase>
  <testcase name="logoutTest" classname="Chull.TestCase" time="10.958">
    <system-err><![CDATA[Jul 16, 2025 3:59:37 PM org.openqa.selenium.devtools.CdpVersionFinder findNearestMatch
WARNING: Unable to find an exact match for CDP version 138, returning the closest version; found: 137; Please update to a Selenium version that supports CDP version 138
]]></system-err>
  </testcase>
  <testcase name="filterValuesTest" classname="Chull.TestCase" time="21.495">
    <system-out><![CDATA[https://chull.tv/language/Hindi/1
]]></system-out>
    <system-err><![CDATA[Jul 16, 2025 3:59:52 PM org.openqa.selenium.devtools.CdpVersionFinder findNearestMatch
WARNING: Unable to find an exact match for CDP version 138, returning the closest version; found: 137; Please update to a Selenium version that supports CDP version 138
]]></system-err>
  </testcase>
  <testcase name="viewAllTest" classname="Chull.TestCase" time="16.311">
    <system-out><![CDATA[Is Top 10 content visible: true
]]></system-out>
    <system-err><![CDATA[Jul 16, 2025 4:00:18 PM org.openqa.selenium.devtools.CdpVersionFinder findNearestMatch
WARNING: Unable to find an exact match for CDP version 138, returning the closest version; found: 137; Please update to a Selenium version that supports CDP version 138
]]></system-err>
  </testcase>
  <testcase name="checkRelatedvideo" classname="Chull.TestCase" time="37.927">
    <system-out><![CDATA[Popup closed.
Total iframes found: 8
Iframe src: https://chull.tv/player.html?file=https://vz-1dab6337-9e3.b-cdn.net/b26e6d82-36e0-40a7-aaf3-a1e5616f6ee6/playlist.m3u8&name=%7B%22id%22%3A389%2C%22name%22%3A%22Wanted%20Hot%20Room%20Mate%22%2C%22video_720%22%3A%22https%3A%5C%2F%5C%2Fvz-1dab6337-9e3.b-cdn.net%5C%2Fb26e6d82-36e0-40a7-aaf3-a1e5616f6ee6%5C%2Fplaylist.m3u8%22%2C%22maturity_rating%22%3A%22A%22%2C%22category_name%22%3A%22Romance%22%2C%22type_id%22%3A1%2C%22video_type%22%3A%22video%22%2C%22session_id%22%3A0%2C%22trailer_url%22%3A%22%22%7D&poster=https://ottimages.b-cdn.net/playerposter.jpg&title=CHULL%20TV
Unable to switch to iframe. Possibly cross-origin.
]]></system-out>
    <system-err><![CDATA[Jul 16, 2025 4:00:38 PM org.openqa.selenium.devtools.CdpVersionFinder findNearestMatch
WARNING: Unable to find an exact match for CDP version 138, returning the closest version; found: 137; Please update to a Selenium version that supports CDP version 138
]]></system-err>
  </testcase>
  <testcase name="Banner_is_visible" classname="Chull.TestCase" time="19.045">
    <system-out><![CDATA[no such element: Unable to locate element: {"method":"xpath","selector":"//img[@class="d-block w-100 mscreen image-gradient"]"}
  (Session info: chrome=138.0.7204.101)
For documentation on this error, please visit: https://www.selenium.dev/documentation/webdriver/troubleshooting/errors#no-such-element-exception
Build info: version: '4.33.0', revision: '2c6aaad03a'
System info: os.name: 'Windows 11', os.arch: 'amd64', os.version: '10.0', java.version: '23.0.1'
Driver info: org.openqa.selenium.chrome.ChromeDriver
Command: [7afd882a592a5f8d5b19f93f158b09be, findElement {value=//img[@class="d-block w-100 mscreen image-gradient"], using=xpath}]
Capabilities {acceptInsecureCerts: false, browserName: chrome, browserVersion: 138.0.7204.101, chrome: {chromedriverVersion: 138.0.7204.157 (e533e98b126..., userDataDir: C:\Users\Yash\AppData\Local...}, fedcm:accounts: true, goog:chromeOptions: {debuggerAddress: localhost:65089}, networkConnectionEnabled: false, pageLoadStrategy: normal, platformName: windows, proxy: Proxy(), se:cdp: ws://localhost:65089/devtoo..., se:cdpVersion: 138.0.7204.101, setWindowRect: true, strictFileInteractability: false, timeouts: {implicit: 0, pageLoad: 300000, script: 30000}, unhandledPromptBehavior: dismiss and notify, webauthn:extension:credBlob: true, webauthn:extension:largeBlob: true, webauthn:extension:minPinLength: true, webauthn:extension:prf: true, webauthn:virtualAuthenticators: true}
Session ID: 7afd882a592a5f8d5b19f93f158b09be
]]></system-out>
    <system-err><![CDATA[Jul 16, 2025 4:01:19 PM org.openqa.selenium.devtools.CdpVersionFinder findNearestMatch
WARNING: Unable to find an exact match for CDP version 138, returning the closest version; found: 137; Please update to a Selenium version that supports CDP version 138
]]></system-err>
  </testcase>
  <testcase name="subscription" classname="Chull.TestCase" time="9.957">
    <system-out><![CDATA[Subscription button is visible
]]></system-out>
    <system-err><![CDATA[Jul 16, 2025 4:01:42 PM org.openqa.selenium.devtools.CdpVersionFinder findNearestMatch
WARNING: Unable to find an exact match for CDP version 138, returning the closest version; found: 137; Please update to a Selenium version that supports CDP version 138
]]></system-err>
  </testcase>
  <testcase name="withoutLoginSubscriptionButtonisVisible" classname="Chull.TestCase" time="0.078">
    <system-out><![CDATA[Visible
]]></system-out>
    <system-err><![CDATA[Jul 16, 2025 4:01:57 PM org.openqa.selenium.devtools.CdpVersionFinder findNearestMatch
WARNING: Unable to find an exact match for CDP version 138, returning the closest version; found: 137; Please update to a Selenium version that supports CDP version 138
]]></system-err>
  </testcase>
  <testcase name="check_SubscriptionisVisible" classname="Chull.TestCase" time="13.32">
    <system-out><![CDATA[Button 0 text: ₹79₹129
Button 1 text: ₹149₹249
Button 2 text: ₹329₹459
Button 3 text: ₹579₹699
]]></system-out>
    <system-err><![CDATA[Jul 16, 2025 4:02:01 PM org.openqa.selenium.devtools.CdpVersionFinder findNearestMatch
WARNING: Unable to find an exact match for CDP version 138, returning the closest version; found: 137; Please update to a Selenium version that supports CDP version 138
]]></system-err>
  </testcase>
  <testcase name="checkUserBuySubscription" classname="Chull.TestCase" time="13.235">
    <system-out><![CDATA[User already purchase a subscription
]]></system-out>
    <system-err><![CDATA[Jul 16, 2025 4:02:18 PM org.openqa.selenium.devtools.CdpVersionFinder findNearestMatch
WARNING: Unable to find an exact match for CDP version 138, returning the closest version; found: 137; Please update to a Selenium version that supports CDP version 138
]]></system-err>
  </testcase>
  <testcase name="verifyPopupIsVisibleuserBuysubscription" classname="Chull.TestCase" time="18.394">
    <system-out><![CDATA[no such alert
  (Session info: chrome=138.0.7204.101)
Build info: version: '4.33.0', revision: '2c6aaad03a'
System info: os.name: 'Windows 11', os.arch: 'amd64', os.version: '10.0', java.version: '23.0.1'
Driver info: org.openqa.selenium.chrome.ChromeDriver
Command: [0a9cf61f6eb67036b9226fd26f848253, getAlertText {}]
Capabilities {acceptInsecureCerts: false, browserName: chrome, browserVersion: 138.0.7204.101, chrome: {chromedriverVersion: 138.0.7204.157 (e533e98b126..., userDataDir: C:\Users\Yash\AppData\Local...}, fedcm:accounts: true, goog:chromeOptions: {debuggerAddress: localhost:65425}, networkConnectionEnabled: false, pageLoadStrategy: normal, platformName: windows, proxy: Proxy(), se:cdp: ws://localhost:65425/devtoo..., se:cdpVersion: 138.0.7204.101, setWindowRect: true, strictFileInteractability: false, timeouts: {implicit: 0, pageLoad: 300000, script: 30000}, unhandledPromptBehavior: dismiss and notify, webauthn:extension:credBlob: true, webauthn:extension:largeBlob: true, webauthn:extension:minPinLength: true, webauthn:extension:prf: true, webauthn:virtualAuthenticators: true}
Session ID: 0a9cf61f6eb67036b9226fd26f848253
]]></system-out>
    <system-err><![CDATA[Jul 16, 2025 4:02:36 PM org.openqa.selenium.devtools.CdpVersionFinder findNearestMatch
WARNING: Unable to find an exact match for CDP version 138, returning the closest version; found: 137; Please update to a Selenium version that supports CDP version 138
]]></system-err>
  </testcase>
  <testcase name="verifyurl" classname="Chull.TestCase" time="0.016">
    <system-out><![CDATA[passed
]]></system-out>
    <system-err><![CDATA[Jul 16, 2025 4:03:27 PM org.openqa.selenium.devtools.CdpVersionFinder findNearestMatch
WARNING: Unable to find an exact match for CDP version 138, returning the closest version; found: 137; Please update to a Selenium version that supports CDP version 138
]]></system-err>
  </testcase>
  <testcase name="checkTagname" classname="Chull.TestCase" time="0.021">
    <system-out><![CDATA[verify the url
]]></system-out>
    <system-err><![CDATA[Jul 16, 2025 4:03:30 PM org.openqa.selenium.devtools.CdpVersionFinder findNearestMatch
WARNING: Unable to find an exact match for CDP version 138, returning the closest version; found: 137; Please update to a Selenium version that supports CDP version 138
]]></system-err>
  </testcase>
  <testcase name="countTotalVideosWithNames" classname="Chull.TestCase" time="0.972">
    <system-out><![CDATA[Total number of videos: 37
]]></system-out>
    <system-err><![CDATA[Jul 16, 2025 4:03:34 PM org.openqa.selenium.devtools.CdpVersionFinder findNearestMatch
WARNING: Unable to find an exact match for CDP version 138, returning the closest version; found: 137; Please update to a Selenium version that supports CDP version 138
]]></system-err>
  </testcase>
  <testcase name="ApplestoreButtonTest" classname="Chull.TestCase" time="16.234">
    <system-out><![CDATA[🔗 Redirected URL: https://apps.apple.com/in/app/chull/id6744243409
]]></system-out>
    <system-err><![CDATA[Jul 16, 2025 4:03:39 PM org.openqa.selenium.devtools.CdpVersionFinder findNearestMatch
WARNING: Unable to find an exact match for CDP version 138, returning the closest version; found: 137; Please update to a Selenium version that supports CDP version 138
]]></system-err>
  </testcase>
  <testcase name="playstore" classname="Chull.TestCase" time="15.083">
    <system-out><![CDATA[🔗 Redirected URL: https://play.google.com/store/apps/details?id=com.ott.chulbull&hl=en_IN
]]></system-out>
    <system-err><![CDATA[Jul 16, 2025 4:03:58 PM org.openqa.selenium.devtools.CdpVersionFinder findNearestMatch
WARNING: Unable to find an exact match for CDP version 138, returning the closest version; found: 137; Please update to a Selenium version that supports CDP version 138
]]></system-err>
  </testcase>
  <testcase name="checkcouponprice" classname="Chull.Testcase2" time="17.547">
    <system-out><![CDATA[2.00.00
]]></system-out>
    <system-err><![CDATA[Jul 16, 2025 4:04:46 PM org.openqa.selenium.devtools.CdpVersionFinder findNearestMatch
WARNING: Unable to find an exact match for CDP version 138, returning the closest version; found: 137; Please update to a Selenium version that supports CDP version 138
]]></system-err>
  </testcase>
  <testcase name="couponPercentage" classname="Chull.Testcase2" time="18.367">
    <system-out><![CDATA[2.37.00
Applied coupon code
]]></system-out>
    <system-err><![CDATA[Jul 16, 2025 4:05:07 PM org.openqa.selenium.devtools.CdpVersionFinder findNearestMatch
WARNING: Unable to find an exact match for CDP version 138, returning the closest version; found: 137; Please update to a Selenium version that supports CDP version 138
]]></system-err>
  </testcase>
  <testcase name="checkrazorpayopen" classname="Chull.Testcase2" time="40.317">
    <system-out><![CDATA[2.37.00
Applied coupon code
Exception: no such element: Unable to locate element: {"method":"xpath","selector":"//button[normalize-space()='Continue']"}
  (Session info: chrome=138.0.7204.101)
For documentation on this error, please visit: https://www.selenium.dev/documentation/webdriver/troubleshooting/errors#no-such-element-exception
Build info: version: '4.33.0', revision: '2c6aaad03a'
System info: os.name: 'Windows 11', os.arch: 'amd64', os.version: '10.0', java.version: '23.0.1'
Driver info: org.openqa.selenium.chrome.ChromeDriver
Command: [c7ebf8198d968b156e787d29e166964e, findElement {value=//button[normalize-space()='Continue'], using=xpath}]
Capabilities {acceptInsecureCerts: false, browserName: chrome, browserVersion: 138.0.7204.101, chrome: {chromedriverVersion: 138.0.7204.157 (e533e98b126..., userDataDir: C:\Users\Yash\AppData\Local...}, fedcm:accounts: true, goog:chromeOptions: {debuggerAddress: localhost:65456}, networkConnectionEnabled: false, pageLoadStrategy: normal, platformName: windows, proxy: Proxy(), se:cdp: ws://localhost:65456/devtoo..., se:cdpVersion: 138.0.7204.101, setWindowRect: true, strictFileInteractability: false, timeouts: {implicit: 0, pageLoad: 300000, script: 30000}, unhandledPromptBehavior: dismiss and notify, webauthn:extension:credBlob: true, webauthn:extension:largeBlob: true, webauthn:extension:minPinLength: true, webauthn:extension:prf: true, webauthn:virtualAuthenticators: true}
Session ID: c7ebf8198d968b156e787d29e166964e
]]></system-out>
    <system-err><![CDATA[Jul 16, 2025 4:05:29 PM org.openqa.selenium.devtools.CdpVersionFinder findNearestMatch
WARNING: Unable to find an exact match for CDP version 138, returning the closest version; found: 137; Please update to a Selenium version that supports CDP version 138
]]></system-err>
  </testcase>
  <testcase name="Validate_No_Data_message_is_visible" classname="Chull.Testcase2" time="19.396">
    <system-out><![CDATA[No data available
]]></system-out>
    <system-err><![CDATA[Jul 16, 2025 4:06:13 PM org.openqa.selenium.devtools.CdpVersionFinder findNearestMatch
WARNING: Unable to find an exact match for CDP version 138, returning the closest version; found: 137; Please update to a Selenium version that supports CDP version 138
]]></system-err>
  </testcase>
  <testcase name="clickwatchnow_userredirect_into_login" classname="Chull.Testcase2" time="7.272">
    <system-out><![CDATA[true
]]></system-out>
    <system-err><![CDATA[Jul 16, 2025 4:06:37 PM org.openqa.selenium.devtools.CdpVersionFinder findNearestMatch
WARNING: Unable to find an exact match for CDP version 138, returning the closest version; found: 137; Please update to a Selenium version that supports CDP version 138
]]></system-err>
  </testcase>
</testsuite>