<?xml version="1.0" encoding="UTF-8"?>
<!-- Generated by org.testng.reporters.JUnitReportReporter -->
<testsuite hostname="UNVII" failures="0" tests="1" name="Chull.TestCase" time="19.796" errors="0" timestamp="2025-07-21T16:32:52 IST" skipped="0">
  <testcase classname="Chull.TestCase" name="footerTermsAndConditionsTest" time="19.796"/>
  <system-out/>
</testsuite> <!-- Chull.TestCase -->
