<?xml version="1.0" encoding="UTF-8"?>
<!-- Generated by org.testng.reporters.JUnitReportReporter -->
<testsuite hostname="UNVII" failures="0" tests="1" name="Chull.Testcase2" time="47.611" errors="0" timestamp="2025-07-21T16:34:52 IST" skipped="0">
  <testcase classname="Chull.Testcase2" name="clickcancelButtonOnrazorpay" time="47.611"/>
  <system-out/>
</testsuite> <!-- Chull.Testcase2 -->
