<?xml version="1.0" encoding="UTF-8"?>
<!-- Generated by org.testng.reporters.JUnitReportReporter -->
<testsuite hostname="UNVII" failures="0" tests="1" name="Chull.Testcase2" time="35.103" errors="0" timestamp="2025-07-16T16:48:35 IST" skipped="0">
  <testcase classname="Chull.Testcase2" name="checkAlllanguageIsvisible" time="35.103"/>
  <system-out/>
</testsuite> <!-- Chull.Testcase2 -->
