<?xml version="1.0" encoding="UTF-8"?>
<!-- Generated by org.testng.reporters.JUnitReportReporter -->
<testsuite hostname="UNVII" failures="0" tests="1" name="Chull.TestCase" time="48.349" errors="0" timestamp="2025-07-04T16:43:40 IST" skipped="0">
  <testcase classname="Chull.TestCase" name="playstore" time="48.349"/>
  <system-out/>
</testsuite> <!-- Chull.TestCase -->
