<?xml version="1.0" encoding="UTF-8"?>
<!-- Generated by org.testng.reporters.JUnitReportReporter -->
<testsuite hostname="UNVII" failures="0" tests="4" name="Chull.Testcase2" time="109.818" errors="0" timestamp="2025-07-08T20:40:47 IST" skipped="0">
  <testcase classname="Chull.Testcase2" name="checkcouponprice" time="22.301"/>
  <testcase classname="Chull.Testcase2" name="Validate_No_Data_message_is_visible" time="22.926"/>
  <testcase classname="Chull.Testcase2" name="couponPercentage" time="21.564"/>
  <testcase classname="Chull.Testcase2" name="checkrazorpayopen" time="43.027"/>
</testsuite> <!-- Chull.Testcase2 -->
