<?xml version="1.0" encoding="UTF-8"?>
<!-- Generated by org.testng.reporters.JUnitReportReporter -->
<testsuite hostname="UNVII" failures="0" tests="23" name="Chull.TestCase" time="688.238" errors="0" timestamp="2025-07-04T17:08:49 IST" skipped="0">
  <testcase classname="Chull.TestCase" name="loginWithPhoneNumber" time="144.536"/>
  <testcase classname="Chull.TestCase" name="countTotalVideosWithNames" time="5.001"/>
  <testcase classname="Chull.TestCase" name="withoutLoginSubscriptionButtonisVisible" time="5.833"/>
  <testcase classname="Chull.TestCase" name="ApplestoreButtonTest" time="45.976"/>
  <testcase classname="Chull.TestCase" name="subscription" time="16.921"/>
  <testcase classname="Chull.TestCase" name="updateProfileTest" time="47.586"/>
  <testcase classname="Chull.TestCase" name="checkRelatedvideo" time="42.795"/>
  <testcase classname="Chull.TestCase" name="playstore" time="45.606"/>
  <testcase classname="Chull.TestCase" name="verifyurl" time="3.036"/>
  <testcase classname="Chull.TestCase" name="viewAllTest" time="22.106"/>
  <testcase classname="Chull.TestCase" name="check_SubscriptionisVisible" time="21.939"/>
  <testcase classname="Chull.TestCase" name="playVideoTest" time="23.063"/>
  <testcase classname="Chull.TestCase" name="footerTermsAndConditionsTest" time="12.144"/>
  <testcase classname="Chull.TestCase" name="filterValuesTest" time="55.186"/>
  <testcase classname="Chull.TestCase" name="verifyPopupIsVisibleuserBuysubscription" time="22.844"/>
  <testcase classname="Chull.TestCase" name="wrongOtpLoginTest" time="42.274"/>
  <testcase classname="Chull.TestCase" name="searchVideoTest" time="23.545"/>
  <testcase classname="Chull.TestCase" name="logoutTest" time="17.868"/>
  <testcase classname="Chull.TestCase" name="checkTagname" time="3.484"/>
  <testcase classname="Chull.TestCase" name="loginWithMailTest" time="34.042"/>
  <testcase classname="Chull.TestCase" name="verifyCurrentUrlTest" time="4.183"/>
  <testcase classname="Chull.TestCase" name="Banner_is_visible" time="25.323"/>
  <testcase classname="Chull.TestCase" name="checkUserBuySubscription" time="22.947"/>
</testsuite> <!-- Chull.TestCase -->
