<?xml version="1.0" encoding="UTF-8"?>
<!-- Generated by org.testng.reporters.JUnitReportReporter -->
<testsuite hostname="UNVII" failures="0" tests="5" name="Chull.Testcase2" time="122.202" errors="0" timestamp="2025-07-16T16:06:47 IST" skipped="0">
  <testcase classname="Chull.Testcase2" name="clickwatchnow_userredirect_into_login" time="11.285"/>
  <testcase classname="Chull.Testcase2" name="checkrazorpayopen" time="44.355"/>
  <testcase classname="Chull.Testcase2" name="couponPercentage" time="21.568"/>
  <testcase classname="Chull.Testcase2" name="checkcouponprice" time="21.075"/>
  <testcase classname="Chull.Testcase2" name="Validate_No_Data_message_is_visible" time="23.919"/>
</testsuite> <!-- Chull.Testcase2 -->
