<?xml version="1.0" encoding="UTF-8"?>
<!-- Generated by org.testng.reporters.JUnitReportReporter -->
<testsuite hostname="UNVII" failures="0" tests="23" name="Chull.TestCase" time="463.624" errors="0" timestamp="2025-07-11T10:30:42 IST" skipped="0">
  <testcase classname="Chull.TestCase" name="wrongOtpLoginTest" time="12.918"/>
  <testcase classname="Chull.TestCase" name="playstore" time="49.524"/>
  <testcase classname="Chull.TestCase" name="checkUserBuySubscription" time="17.402"/>
  <testcase classname="Chull.TestCase" name="Banner_is_visible" time="23.488"/>
  <testcase classname="Chull.TestCase" name="playVideoTest" time="17.271"/>
  <testcase classname="Chull.TestCase" name="verifyCurrentUrlTest" time="5.440"/>
  <testcase classname="Chull.TestCase" name="checkRelatedvideo" time="38.829"/>
  <testcase classname="Chull.TestCase" name="verifyurl" time="4.071"/>
  <testcase classname="Chull.TestCase" name="loginWithMailTest" time="13.601"/>
  <testcase classname="Chull.TestCase" name="updateProfileTest" time="48.537"/>
  <testcase classname="Chull.TestCase" name="check_SubscriptionisVisible" time="17.748"/>
  <testcase classname="Chull.TestCase" name="searchVideoTest" time="26.483"/>
  <testcase classname="Chull.TestCase" name="countTotalVideosWithNames" time="5.319"/>
  <testcase classname="Chull.TestCase" name="viewAllTest" time="20.776"/>
  <testcase classname="Chull.TestCase" name="subscription" time="14.556"/>
  <testcase classname="Chull.TestCase" name="footerTermsAndConditionsTest" time="11.722"/>
  <testcase classname="Chull.TestCase" name="withoutLoginSubscriptionButtonisVisible" time="4.001"/>
  <testcase classname="Chull.TestCase" name="verifyPopupIsVisibleuserBuysubscription" time="50.701"/>
  <testcase classname="Chull.TestCase" name="loginWithPhoneNumber" time="15.004"/>
  <testcase classname="Chull.TestCase" name="logoutTest" time="16.571"/>
  <testcase classname="Chull.TestCase" name="filterValuesTest" time="25.639"/>
  <testcase classname="Chull.TestCase" name="checkTagname" time="3.830"/>
  <testcase classname="Chull.TestCase" name="ApplestoreButtonTest" time="20.193"/>
</testsuite> <!-- Chull.TestCase -->
