<?xml version="1.0" encoding="UTF-8"?>
<!-- Generated by org.testng.reporters.JUnitReportReporter -->
<testsuite hostname="UNVII" failures="0" tests="9" name="Chull.Testcase2" time="197.700" errors="0" timestamp="2025-07-21T17:04:22 IST" skipped="0">
  <testcase classname="Chull.Testcase2" name="checkAlllanguageIsvisible" time="34.230"/>
  <testcase classname="Chull.Testcase2" name="checkcouponprice" time="21.249"/>
  <testcase classname="Chull.Testcase2" name="clickwatchnow_userredirect_into_login" time="11.488"/>
  <testcase classname="Chull.Testcase2" name="checkAlllanguageIsvisible" time="15.136"/>
  <testcase classname="Chull.Testcase2" name="checkrazorpayopen" time="41.895"/>
  <testcase classname="Chull.Testcase2" name="checkNoofBannerpresendInHomepage" time="8.286"/>
  <testcase classname="Chull.Testcase2" name="couponPercentage" time="23.351"/>
  <testcase classname="Chull.Testcase2" name="Validate_No_Data_message_is_visible" time="23.621"/>
  <testcase classname="Chull.Testcase2" name="insidecouponpagebannerisvisible" time="18.444"/>
</testsuite> <!-- Chull.Testcase2 -->
