<?xml version="1.0" encoding="UTF-8"?>
<!-- Generated by org.testng.reporters.JUnitReportReporter -->
<testsuite hostname="UNVII" failures="0" tests="23" name="Chull.TestCase" time="346.094" errors="0" timestamp="2025-07-08T20:40:47 IST" skipped="0">
  <testcase classname="Chull.TestCase" name="filterValuesTest" time="24.125"/>
  <testcase classname="Chull.TestCase" name="verifyurl" time="3.901"/>
  <testcase classname="Chull.TestCase" name="checkRelatedvideo" time="38.140"/>
  <testcase classname="Chull.TestCase" name="viewAllTest" time="18.872"/>
  <testcase classname="Chull.TestCase" name="updateProfileTest" time="16.853"/>
  <testcase classname="Chull.TestCase" name="searchVideoTest" time="22.999"/>
  <testcase classname="Chull.TestCase" name="wrongOtpLoginTest" time="10.726"/>
  <testcase classname="Chull.TestCase" name="checkTagname" time="3.554"/>
  <testcase classname="Chull.TestCase" name="check_SubscriptionisVisible" time="17.123"/>
  <testcase classname="Chull.TestCase" name="subscription" time="14.221"/>
  <testcase classname="Chull.TestCase" name="withoutLoginSubscriptionButtonisVisible" time="3.886"/>
  <testcase classname="Chull.TestCase" name="ApplestoreButtonTest" time="19.229"/>
  <testcase classname="Chull.TestCase" name="verifyCurrentUrlTest" time="4.252"/>
  <testcase classname="Chull.TestCase" name="loginWithPhoneNumber" time="12.970"/>
  <testcase classname="Chull.TestCase" name="footerTermsAndConditionsTest" time="9.751"/>
  <testcase classname="Chull.TestCase" name="countTotalVideosWithNames" time="4.800"/>
  <testcase classname="Chull.TestCase" name="logoutTest" time="14.161"/>
  <testcase classname="Chull.TestCase" name="loginWithMailTest" time="8.399"/>
  <testcase classname="Chull.TestCase" name="playstore" time="19.402"/>
  <testcase classname="Chull.TestCase" name="Banner_is_visible" time="23.130"/>
  <testcase classname="Chull.TestCase" name="playVideoTest" time="16.419"/>
  <testcase classname="Chull.TestCase" name="checkUserBuySubscription" time="16.702"/>
  <testcase classname="Chull.TestCase" name="verifyPopupIsVisibleuserBuysubscription" time="22.479"/>
</testsuite> <!-- Chull.TestCase -->
