<?xml version="1.0" encoding="UTF-8"?>
<!-- Generated by org.testng.reporters.JUnitReportReporter -->
<testsuite hostname="UNVII" failures="0" tests="23" name="Chull.TestCase" time="412.558" errors="0" timestamp="2025-07-16T16:06:47 IST" skipped="0">
  <testcase classname="Chull.TestCase" name="viewAllTest" time="19.506"/>
  <testcase classname="Chull.TestCase" name="filterValuesTest" time="26.893"/>
  <testcase classname="Chull.TestCase" name="footerTermsAndConditionsTest" time="9.101"/>
  <testcase classname="Chull.TestCase" name="countTotalVideosWithNames" time="4.909"/>
  <testcase classname="Chull.TestCase" name="ApplestoreButtonTest" time="19.441"/>
  <testcase classname="Chull.TestCase" name="withoutLoginSubscriptionButtonisVisible" time="3.882"/>
  <testcase classname="Chull.TestCase" name="verifyCurrentUrlTest" time="3.694"/>
  <testcase classname="Chull.TestCase" name="checkTagname" time="3.829"/>
  <testcase classname="Chull.TestCase" name="playVideoTest" time="16.914"/>
  <testcase classname="Chull.TestCase" name="checkUserBuySubscription" time="18.534"/>
  <testcase classname="Chull.TestCase" name="logoutTest" time="14.492"/>
  <testcase classname="Chull.TestCase" name="checkRelatedvideo" time="41.256"/>
  <testcase classname="Chull.TestCase" name="wrongOtpLoginTest" time="10.549"/>
  <testcase classname="Chull.TestCase" name="Banner_is_visible" time="22.862"/>
  <testcase classname="Chull.TestCase" name="loginWithMailTest" time="10.003"/>
  <testcase classname="Chull.TestCase" name="verifyurl" time="3.022"/>
  <testcase classname="Chull.TestCase" name="playstore" time="47.693"/>
  <testcase classname="Chull.TestCase" name="loginWithPhoneNumber" time="12.983"/>
  <testcase classname="Chull.TestCase" name="searchVideoTest" time="23.201"/>
  <testcase classname="Chull.TestCase" name="subscription" time="14.547"/>
  <testcase classname="Chull.TestCase" name="verifyPopupIsVisibleuserBuysubscription" time="50.782"/>
  <testcase classname="Chull.TestCase" name="updateProfileTest" time="17.391"/>
  <testcase classname="Chull.TestCase" name="check_SubscriptionisVisible" time="17.074"/>
</testsuite> <!-- Chull.TestCase -->
