<?xml version="1.0" encoding="UTF-8"?>
<!-- Generated by org.testng.reporters.JUnitReportReporter -->
<testsuite hostname="UNVII" failures="0" tests="23" name="Chull.TestCase" time="374.656" errors="0" timestamp="2025-07-21T17:04:22 IST" skipped="0">
  <testcase classname="Chull.TestCase" name="searchVideoTest" time="24.732"/>
  <testcase classname="Chull.TestCase" name="ApplestoreButtonTest" time="21.670"/>
  <testcase classname="Chull.TestCase" name="logoutTest" time="16.247"/>
  <testcase classname="Chull.TestCase" name="updateProfileTest" time="18.579"/>
  <testcase classname="Chull.TestCase" name="countTotalVideosWithNames" time="5.917"/>
  <testcase classname="Chull.TestCase" name="wrongOtpLoginTest" time="11.561"/>
  <testcase classname="Chull.TestCase" name="viewAllTest" time="19.954"/>
  <testcase classname="Chull.TestCase" name="subscription" time="14.894"/>
  <testcase classname="Chull.TestCase" name="verifyCurrentUrlTest" time="4.427"/>
  <testcase classname="Chull.TestCase" name="playstore" time="19.262"/>
  <testcase classname="Chull.TestCase" name="loginWithMailTest" time="13.707"/>
  <testcase classname="Chull.TestCase" name="checkUserBuySubscription" time="17.228"/>
  <testcase classname="Chull.TestCase" name="checkRelatedvideo" time="41.698"/>
  <testcase classname="Chull.TestCase" name="withoutLoginSubscriptionButtonisVisible" time="3.730"/>
  <testcase classname="Chull.TestCase" name="loginWithPhoneNumber" time="13.149"/>
  <testcase classname="Chull.TestCase" name="footerTermsAndConditionsTest" time="10.514"/>
  <testcase classname="Chull.TestCase" name="check_SubscriptionisVisible" time="17.138"/>
  <testcase classname="Chull.TestCase" name="verifyurl" time="3.422"/>
  <testcase classname="Chull.TestCase" name="checkTagname" time="4.946"/>
  <testcase classname="Chull.TestCase" name="filterValuesTest" time="25.633"/>
  <testcase classname="Chull.TestCase" name="Banner_is_visible" time="24.998"/>
  <testcase classname="Chull.TestCase" name="playVideoTest" time="18.863"/>
  <testcase classname="Chull.TestCase" name="verifyPopupIsVisibleuserBuysubscription" time="22.387"/>
</testsuite> <!-- Chull.TestCase -->
